Starting Dynare (version 4.5.7).
Starting preprocessing of the model file ...
WARNING: QPM_US_20074.mod:142.1-79: ''unit_root_vars'' is now obsolete; use the ''diffuse_filter'' option of ''estimation'' instead
Substitution of endo leads >= 2: added 6 auxiliary variables and equations.
Substitution of endo lags >= 2: added 16 auxiliary variables and equations.
Found 50 equation(s).
Evaluating expressions...done
Computing static model derivatives:
 - order 1
Computing dynamic model derivatives:
 - order 1
 - order 2
Processing outputs ...
done
Preprocessing completed.
ion of endo leads >= 2: added 6 auxiliary variables and equations.
Substitution of endo lags >= 2: added 16 auxiliary variables and equations.
Found 50 equation(s).
Evaluating expressions...done
Computing static model derivatives:
 - order 1
Computing dynamic model derivatives:
 - order 1
 - order 2
Processing outputs ...
done
Preprocessing completed.


STEADY-STATE RESULTS:

RR_US             		 1.8456
RR_US_BAR         		 1.8456
UNR_US            		 6.6
UNR_US_GAP        		 0
UNR_US_BAR        		 6.6
PIE_US            		 2.5
PIE_US4           		 2.5
Y_US              		 0
LGDP_US           		 907.428
LGDP_US_BAR       		 907.428
RS_US             		 4.3456
G_US              		 2.7599
LCPI_US           		 498.839
E4_PIE_US4        		 2.5
E1_Y_US           		 0
E1_PIE_US         		 2.5
UNR_G_US          		 0
GROWTH_US         		 2.7599
GROWTH4_US        		 2.7599
GROWTH4_US_BAR    		 2.7599
BLT_US            		 -8.87
BLT_US_BAR        		 -8.87
E                 		 0
E2                		 0
GROWTH_US_BAR     		 2.7599
RR_US_GAP         		 0
BLT_US_GAP        		 0
xgdp_q_obs        		 0

EIGENVALUES:
         Modulus             Real        Imaginary

               0               -0                0
               0               -0                0
               0               -0                0
               0               -0                0
               0               -0                0
               0               -0                0
               0               -0                0
       5.323e-19       -5.323e-19                0
       8.098e-19       -8.098e-19                0
       3.184e-18       -3.184e-18                0
       3.416e-18       -3.416e-18                0
       1.382e-17       -1.382e-17                0
       1.517e-17        1.517e-17                0
       4.886e-17       -4.886e-17                0
       5.272e-17       -5.272e-17                0
       5.861e-17        5.861e-17                0
       9.552e-17        9.552e-17                0
             0.1              0.1                0
          0.4822          -0.4822                0
          0.5118         -0.05828           0.5085
          0.5118         -0.05828          -0.5085
          0.6648           0.6648                0
          0.6992           0.6992                0
          0.7796           0.7796                0
             0.9              0.9                0
           0.951           0.9252           0.2203
           0.951           0.9252          -0.2203
               1                1                0
               1                1                0
               1                1                0
               1                1                0
           1.156            1.156                0
           1.718          -0.2063            1.706
           1.718          -0.2063           -1.706
           1.824           -1.824                0
           7.308            7.308                0
       3.152e+04        1.576e+04         2.73e+04
       3.152e+04        1.576e+04        -2.73e+04
       3.152e+04       -3.152e+04                0
       1.371e+55       -1.371e+55                0


There are 9 eigenvalue(s) larger than 1 in modulus 
for 9 forward-looking variable(s)

The rank condition is verified.

Total computing time : 0h00m01s
Note: 1 warning(s) encountered in the preprocessor
<a href="matlab: opentoline('C:\forecastingplatform\ALGORITHMS\modeestimate.m',73,1)">73  </a>options_.mode_compute = 4; % start with Sims' algorithm
options_.mode_compute

ans =

     4

var_list_

var_list_ =

  3×10 <a href="matlab:helpPopup char" style="font-weight:bold">char</a> array

    'rff_q_obs '
    'pgdp_q_obs'
    'xgdp_q_obs'

