Starting Dynare (version 4.5.7).
Starting preprocessing of the model file ...
Found 16 equation(s).
Evaluating expressions...done
Computing static model derivatives:
 - order 1
Computing dynamic model derivatives:
 - order 1
 - order 2
Processing outputs ...
done
Preprocessing completed.
Total computing time : 0h00m00s
Trying mode_compute = 4, Chris Sims’ csminwel, and checking if estimation is feasible.
Initial value of the log posterior (or likelihood): -316.0038
-----------------
f at the beginning of new iteration,       316.0037563248
Predicted improvement:   654811.562841036
lambda =          1; f =          316.2452495
lambda =    0.33333; f =          316.0288621
lambda =    0.11111; f =          316.0060218
lambda =   0.037037; f =          316.0038810
lambda =   0.012346; f =          432.0559158
lambda =  0.0041152; f =          273.2814322
lambda =  0.0013717; f =          157.7252480
lambda = 0.00045725; f =          130.3556887
Norm of dx     11.444
----
Improvement on iteration 1 =      185.648067599
-----------------
f at the beginning of new iteration,       130.3556887260
Predicted improvement:     7388.977954900
lambda =          1; f =          131.3499953
lambda =    0.33333; f =          130.4621137
lambda =    0.11111; f =          130.3662267
lambda =   0.037037; f =          130.3564947
lambda =   0.012346; f =          130.3557126
lambda =  0.0041152; f =          157.4129871
lambda =  0.0013717; f =          114.1363645
lambda =  0.0026518; f =          111.1739771
Norm of dx     1.2225
----
Improvement on iteration 2 =       19.181711635
-----------------
f at the beginning of new iteration,       111.1739770909
Predicted improvement:     2575.830850760
lambda =          1; f =          111.8548447
lambda =    0.33333; f =          111.2470217
lambda =    0.11111; f =          111.1812582
lambda =   0.037037; f =          111.1745419
lambda =   0.012346; f =          111.1739897
lambda =  0.0041152; f =           93.9887583
lambda =  0.0079555; f =          111.1739771
lambda =  0.0053568; f =           95.2465362
Norm of dx    0.83341
----
Improvement on iteration 3 =       17.185218825
-----------------
f at the beginning of new iteration,        93.9887582659
Predicted improvement:      365.511280969
lambda =          1; f =           94.0680590
lambda =    0.33333; f =           93.9971156
lambda =    0.11111; f =           93.9895441
lambda =   0.037037; f =           93.9888065
lambda =   0.012346; f =           93.9887585
lambda =  0.0041152; f =           92.4196939
Norm of dx    0.29129
----
Improvement on iteration 4 =        1.569064359
-----------------
f at the beginning of new iteration,        92.4196939065
Predicted improvement:      131.306431438
lambda =          1; f =           92.4506400
lambda =    0.33333; f =           92.4229391
lambda =    0.11111; f =           92.4199968
lambda =   0.037037; f =           92.4197119
lambda =   0.012346; f =          102.2909699
lambda =  0.0041152; f =           91.7359768
Norm of dx    0.18468
----
Improvement on iteration 5 =        0.683717106
-----------------
f at the beginning of new iteration,        91.7359768008
Predicted improvement:       14.260516641
lambda =          1; f =           80.5859749
Norm of dx   0.033378
----
Improvement on iteration 6 =       11.150001870
-----------------
f at the beginning of new iteration,        80.5859749309
Predicted improvement:        8.013186988
lambda =          1; f =           74.9194181
Norm of dx   0.042144
----
Improvement on iteration 7 =        5.666556802
-----------------
f at the beginning of new iteration,        74.9194181291
Predicted improvement:       10.109665303
lambda =          1; f =           57.9420522
lambda =     1.9332; f =           46.9879308
lambda =     3.7372; f =           37.3371701
Norm of dx   0.071355
----
Improvement on iteration 8 =       37.582248051
-----------------
f at the beginning of new iteration,        37.3371700780
Predicted improvement:       10.472749934
lambda =          1; f =           23.8541190
Norm of dx    0.12547
----
Improvement on iteration 9 =       13.483051032
-----------------
f at the beginning of new iteration,        23.8541190463
Predicted improvement:       11.129085734
lambda =          1; f =           56.8075787
lambda =    0.33333; f =           17.7705761
lambda =    0.64439; f =           18.1947635
Norm of dx    0.26986
----
Improvement on iteration 10 =        6.083542932
-----------------
f at the beginning of new iteration,        17.7705761146
Predicted improvement:        9.952179681
lambda =          1; f =           57.3130589
lambda =    0.33333; f =           13.3056058
Norm of dx    0.30081
----
Improvement on iteration 11 =        4.464970319
-----------------
f at the beginning of new iteration,        13.3056057960
Predicted improvement:        1.753471900
lambda =          1; f =           10.7135845
lambda =     1.9332; f =           10.5434289
Norm of dx   0.038583
----
Improvement on iteration 12 =        2.762176946
-----------------
f at the beginning of new iteration,        10.5434288501
Predicted improvement:        3.555830449
lambda =          1; f =            5.3712342
lambda =     1.9332; f =            3.4518197
Norm of dx    0.04701
----
Improvement on iteration 13 =        7.091609178
-----------------
f at the beginning of new iteration,         3.4518196726
Predicted improvement:        1.145488887
lambda =          1; f =            3.3797529
lambda =    0.33333; f =            2.8960771
lambda =    0.64439; f =            2.8135647
Norm of dx   0.026735
----
Improvement on iteration 14 =        0.638254930
-----------------
f at the beginning of new iteration,         2.8135647422
Predicted improvement:        0.363906527
lambda =          1; f =            2.3562140
Norm of dx   0.015514
----
Improvement on iteration 15 =        0.457350721
-----------------
f at the beginning of new iteration,         2.3562140214
Predicted improvement:        0.708607133
lambda =          1; f =            1.2418353
lambda =     1.9332; f =            0.7311148
Norm of dx   0.032243
----
Improvement on iteration 16 =        1.625099190
-----------------
f at the beginning of new iteration,         0.7311148313
Predicted improvement:        1.361365803
lambda =          1; f =           -1.3420827
lambda =     1.9332; f =            0.7312018
lambda =     1.3017; f =           -1.5150196
Norm of dx   0.065301
----
Improvement on iteration 17 =        2.246134393
-----------------
f at the beginning of new iteration,        -1.5150195622
Predicted improvement:        1.261593859
lambda =          1; f =           -3.2824795
lambda =     1.9332; f =           -3.4270349
Norm of dx      0.038
----
Improvement on iteration 18 =        1.912015291
-----------------
f at the beginning of new iteration,        -3.4270348534
Predicted improvement:        0.705865954
lambda =          1; f =           -4.2445607
Norm of dx   0.038046
----
Improvement on iteration 19 =        0.817525866
-----------------
f at the beginning of new iteration,        -4.2445607190
Predicted improvement:        0.571112940
lambda =          1; f =           -4.7220532
Norm of dx   0.014113
----
Improvement on iteration 20 =        0.477492531
-----------------
f at the beginning of new iteration,        -4.7220532496
Predicted improvement:        0.635386274
lambda =          1; f =           -5.8084785
lambda =     1.9332; f =           -6.4172840
Norm of dx   0.053795
----
Improvement on iteration 21 =        1.695230788
-----------------
f at the beginning of new iteration,        -6.4172840377
Correct for low angle: 0.00472104
Predicted improvement:        0.369778629
lambda =          1; f =           -6.6035691
lambda =    0.33333; f =           -6.6079322
lambda =    0.64439; f =           -6.6767638
Norm of dx   0.056314
----
Improvement on iteration 22 =        0.259479730
-----------------
f at the beginning of new iteration,        -6.6767637672
Predicted improvement:        0.061188278
lambda =          1; f =           -6.7824588
lambda =     1.9332; f =           -6.8533828
lambda =     3.7372; f =           -6.9234014
Norm of dx  0.0039388
----
Improvement on iteration 23 =        0.246637677
-----------------
f at the beginning of new iteration,        -6.9234014445
Predicted improvement:        0.143615896
lambda =          1; f =           -7.1142084
Norm of dx   0.018047
----
Improvement on iteration 24 =        0.190806910
-----------------
f at the beginning of new iteration,        -7.1142083542
Predicted improvement:        0.104841279
lambda =          1; f =           -7.2623271
lambda =     1.9332; f =           -7.2927674
Norm of dx   0.015077
----
Improvement on iteration 25 =        0.178559085
-----------------
f at the beginning of new iteration,        -7.2927674393
Predicted improvement:        0.061537128
lambda =          1; f =           -7.3986694
lambda =     1.9332; f =           -7.4683949
lambda =     3.7372; f =           -7.5307697
Norm of dx  0.0076364
----
Improvement on iteration 26 =        0.238002296
-----------------
f at the beginning of new iteration,        -7.5307697355
Predicted improvement:        0.119507118
lambda =          1; f =           -7.7347054
lambda =     1.9332; f =           -7.8636928
lambda =     3.7372; f =           -7.9508349
Norm of dx   0.017492
----
Improvement on iteration 27 =        0.420065158
-----------------
f at the beginning of new iteration,        -7.9508348930
Predicted improvement:        0.203789998
lambda =          1; f =           -8.1786171
Norm of dx   0.040087
----
Improvement on iteration 28 =        0.227782158
-----------------
f at the beginning of new iteration,        -8.1786170514
Predicted improvement:        0.090717479
lambda =          1; f =           -8.3002950
Norm of dx   0.012171
----
Improvement on iteration 29 =        0.121677930
-----------------
f at the beginning of new iteration,        -8.3002949817
Predicted improvement:        0.067329684
lambda =          1; f =           -8.4097695
lambda =     1.9332; f =           -8.4670641
Norm of dx   0.015854
----
Improvement on iteration 30 =        0.166769141
-----------------
f at the beginning of new iteration,        -8.4670641226
Predicted improvement:        0.110559512
lambda =          1; f =           -8.6666171
lambda =     1.9332; f =           -8.8164410
lambda =     3.7372; f =           -9.0166126
Norm of dx   0.020232
----
Improvement on iteration 31 =        0.549548520
-----------------
f at the beginning of new iteration,        -9.0166126424
Predicted improvement:        0.426668764
lambda =          1; f =           -9.7106135
lambda =     1.9332; f =           -9.9057951
Norm of dx   0.078799
----
Improvement on iteration 32 =        0.889182437
-----------------
f at the beginning of new iteration,        -9.9057950793
Predicted improvement:        1.130778755
lambda =          1; f =           -9.9050986
lambda =    0.33333; f =          -10.2127660
Norm of dx    0.10506
----
Improvement on iteration 33 =        0.306970919
-----------------
f at the beginning of new iteration,       -10.2127659981
Predicted improvement:        0.640194648
lambda =          1; f =          -10.6653533
Norm of dx   0.035883
----
Improvement on iteration 34 =        0.452587295
-----------------
f at the beginning of new iteration,       -10.6653532927
Predicted improvement:        0.197362464
lambda =          1; f =          -10.8930199
Norm of dx    0.05601
----
Improvement on iteration 35 =        0.227666611
-----------------
f at the beginning of new iteration,       -10.8930199041
Predicted improvement:        0.036735158
lambda =          1; f =          -10.9486105
lambda =     1.9332; f =          -10.9649331
Norm of dx   0.014735
----
Improvement on iteration 36 =        0.071913159
-----------------
f at the beginning of new iteration,       -10.9649330631
Predicted improvement:        0.044952631
lambda =          1; f =          -11.0477795
lambda =     1.9332; f =          -11.1126842
lambda =     3.7372; f =          -11.2057344
lambda =     7.2247; f =          -11.2731364
Norm of dx   0.010516
----
Improvement on iteration 37 =        0.308203316
-----------------
f at the beginning of new iteration,       -11.2731363788
Predicted improvement:        0.226193944
lambda =          1; f =          -11.6767395
lambda =     1.9332; f =          -11.9442113
lambda =     3.7372; f =          -11.9560156
Norm of dx   0.089276
----
Improvement on iteration 38 =        0.682879236
-----------------
f at the beginning of new iteration,       -11.9560156144
Predicted improvement:        0.443022206
lambda =          1; f =          -12.2772609
Norm of dx   0.054698
----
Improvement on iteration 39 =        0.321245312
-----------------
f at the beginning of new iteration,       -12.2772609259
Correct for low angle: 0.00439031
Predicted improvement:        0.096482898
lambda =          1; f =          -12.3467325
Norm of dx   0.057261
----
Improvement on iteration 40 =        0.069471549
-----------------
f at the beginning of new iteration,       -12.3467324746
Correct for low angle: 0.00146101
Predicted improvement:        0.223952951
lambda =          1; f =          -12.0477615
lambda =    0.33333; f =          -12.4056436
Norm of dx   0.030346
----
Improvement on iteration 41 =        0.058911141
-----------------
f at the beginning of new iteration,       -12.4056436156
Correct for low angle: 0.0024073
Predicted improvement:        0.067811154
lambda =          1; f =          -12.2728629
lambda =    0.33333; f =          -12.4220347
Norm of dx   0.025546
----
Improvement on iteration 42 =        0.016391037
-----------------
f at the beginning of new iteration,       -12.4220346526
Correct for low angle: 0.00267571
Predicted improvement:        0.052140669
lambda =          1; f =          -12.4138899
lambda =    0.33333; f =          -12.4443207
Norm of dx   0.018535
----
Improvement on iteration 43 =        0.022286030
-----------------
f at the beginning of new iteration,       -12.4443206829
Predicted improvement:        0.031555495
lambda =          1; f =          -12.5014717
lambda =     1.9332; f =          -12.5438200
lambda =     3.7372; f =          -12.5956277
Norm of dx   0.016379
----
Improvement on iteration 44 =        0.151307046
-----------------
f at the beginning of new iteration,       -12.5956277289
Predicted improvement:        0.125571301
lambda =          1; f =          -12.8141535
lambda =     1.9332; f =          -12.9601195
lambda =     3.7372; f =          -13.0887948
Norm of dx   0.028489
----
Improvement on iteration 45 =        0.493167033
-----------------
f at the beginning of new iteration,       -13.0887947620
Correct for low angle: 0.00312581
Predicted improvement:        0.344165111
lambda =          1; f =          -12.8158853
lambda =    0.33333; f =          -13.2216493
Norm of dx   0.067486
----
Improvement on iteration 46 =        0.132854528
-----------------
f at the beginning of new iteration,       -13.2216492901
Correct for low angle: 0.00312578
Predicted improvement:        0.364631549
lambda =          1; f =          -13.0923839
lambda =    0.33333; f =          -13.3608982
Norm of dx   0.075792
----
Improvement on iteration 47 =        0.139248937
-----------------
f at the beginning of new iteration,       -13.3608982271
Correct for low angle: 0.00251386
Predicted improvement:        0.570953290
lambda =          1; f =          -10.0644538
lambda =    0.33333; f =          -13.3565677
lambda =    0.11111; f =          -13.4473140
Norm of dx    0.10856
----
Improvement on iteration 48 =        0.086415786
-----------------
f at the beginning of new iteration,       -13.4473140132
Predicted improvement:        0.315168520
lambda =          1; f =          -13.9080099
lambda =     1.9332; f =          -14.0506871
Norm of dx    0.13079
----
Improvement on iteration 49 =        0.603373072
-----------------
f at the beginning of new iteration,       -14.0506870854
Correct for low angle: 0.0017787
Predicted improvement:        0.094075683
lambda =          1; f =          -13.8444255
lambda =    0.33333; f =          -14.0672293
lambda =    0.11111; f =          -14.0666621
lambda =     0.2148; f =          -14.0720067
Norm of dx   0.025651
----
Improvement on iteration 50 =        0.021319622
-----------------
f at the beginning of new iteration,       -14.0720067070
Correct for low angle: 0.00337204
Predicted improvement:        0.030727238
lambda =          1; f =          -14.0579483
lambda =    0.33333; f =          -14.0839924
Norm of dx   0.025692
----
Improvement on iteration 51 =        0.011985701
-----------------
f at the beginning of new iteration,       -14.0839924078
Correct for low angle: 0.00201673
Predicted improvement:        0.056060250
lambda =          1; f =          -13.8582097
lambda =    0.33333; f =          -14.0821282
lambda =    0.11111; f =          -14.0922831
Norm of dx   0.030992
----
Improvement on iteration 52 =        0.008290670
-----------------
f at the beginning of new iteration,       -14.0922830782
Correct for low angle: 0.00476803
Predicted improvement:        0.025987808
lambda =          1; f =          -14.1280710
Norm of dx   0.035821
----
Improvement on iteration 53 =        0.035787945
-----------------
f at the beginning of new iteration,       -14.1280710228
Correct for low angle: 0.00323459
Predicted improvement:        0.024393947
lambda =          1; f =          -14.0647505
lambda =    0.33333; f =          -14.1319007
lambda =    0.11111; f =          -14.1322477
lambda =     0.2148; f =          -14.1335132
Norm of dx   0.031852
----
Improvement on iteration 54 =        0.005442140
-----------------
f at the beginning of new iteration,       -14.1335131632
Correct for low angle: 0.00153098
Predicted improvement:        0.048900091
lambda =          1; f =          -13.7344867
lambda =    0.33333; f =          -14.1145153
lambda =    0.11111; f =          -14.1384780
Norm of dx   0.028351
----
Improvement on iteration 55 =        0.004964887
-----------------
f at the beginning of new iteration,       -14.1384780498
Correct for low angle: 0.00340091
Predicted improvement:        0.022212944
lambda =          1; f =          -14.1107260
lambda =    0.33333; f =          -14.1454097
Norm of dx   0.027027
----
Improvement on iteration 56 =        0.006931605
-----------------
f at the beginning of new iteration,       -14.1454096549
Correct for low angle: 0.00164908
Predicted improvement:        0.051155885
lambda =          1; f =          -13.9227057
lambda =    0.33333; f =          -14.1450538
lambda =    0.11111; f =          -14.1527701
Norm of dx   0.023449
----
Improvement on iteration 57 =        0.007360470
-----------------
f at the beginning of new iteration,       -14.1527701248
Predicted improvement:        0.020005219
lambda =          1; f =          -14.1878546
lambda =     1.9332; f =          -14.2119702
lambda =     3.7372; f =          -14.2342277
Norm of dx   0.023939
----
Improvement on iteration 58 =        0.081457573
-----------------
f at the beginning of new iteration,       -14.2342276978
Correct for low angle: 0.00451701
Predicted improvement:        0.072321023
lambda =          1; f =          -14.3664415
lambda =     1.9332; f =          -14.4655812
lambda =     3.7372; f =          -14.5810166
Norm of dx   0.021616
----
Improvement on iteration 59 =        0.346788870
-----------------
f at the beginning of new iteration,       -14.5810165676
Predicted improvement:        0.168288769
lambda =          1; f =          -14.7842447
Norm of dx   0.030563
----
Improvement on iteration 60 =        0.203228087
-----------------
f at the beginning of new iteration,       -14.7842446541
Predicted improvement:        0.126747036
lambda =          1; f =          -14.9334910
Norm of dx   0.026802
----
Improvement on iteration 61 =        0.149246379
-----------------
f at the beginning of new iteration,       -14.9334910327
Predicted improvement:        0.037316405
lambda =          1; f =          -14.9850417
Norm of dx   0.013115
----
Improvement on iteration 62 =        0.051550652
-----------------
f at the beginning of new iteration,       -14.9850416842
Predicted improvement:        0.033574646
lambda =          1; f =          -15.0337885
lambda =     1.9332; f =          -15.0531539
Norm of dx   0.010863
----
Improvement on iteration 63 =        0.068112194
-----------------
f at the beginning of new iteration,       -15.0531538781
Predicted improvement:        0.016741274
lambda =          1; f =          -15.0732843
Norm of dx   0.013598
----
Improvement on iteration 64 =        0.020130398
-----------------
f at the beginning of new iteration,       -15.0732842757
Predicted improvement:        0.020550330
lambda =          1; f =          -15.0924661
Norm of dx   0.018358
----
Improvement on iteration 65 =        0.019181820
-----------------
f at the beginning of new iteration,       -15.0924660952
Predicted improvement:        0.009588704
lambda =          1; f =          -15.1081619
lambda =     1.9332; f =          -15.1159566
Norm of dx   0.010926
----
Improvement on iteration 66 =        0.023490478
-----------------
f at the beginning of new iteration,       -15.1159565736
Predicted improvement:        0.022166706
lambda =          1; f =          -15.1546373
lambda =     1.9332; f =          -15.1801758
lambda =     3.7372; f =          -15.1984214
Norm of dx  0.0081725
----
Improvement on iteration 67 =        0.082464816
-----------------
f at the beginning of new iteration,       -15.1984213900
Predicted improvement:        0.046829237
lambda =          1; f =          -15.2526455
Norm of dx   0.052285
----
Improvement on iteration 68 =        0.054224105
-----------------
f at the beginning of new iteration,       -15.2526454952
Correct for low angle: 0.00416302
Predicted improvement:        0.037524769
lambda =          1; f =          -15.2596927
lambda =    0.33333; f =          -15.2699045
Norm of dx   0.057114
----
Improvement on iteration 69 =        0.017259006
-----------------
f at the beginning of new iteration,       -15.2699045009
Correct for low angle: 0.00169975
Predicted improvement:        0.053731611
lambda =          1; f =          -14.7876853
lambda =    0.33333; f =          -15.2349977
lambda =    0.11111; f =          -15.2741109
Norm of dx   0.037296
----
Improvement on iteration 70 =        0.004206359
-----------------
f at the beginning of new iteration,       -15.2741108600
Correct for low angle: 0.00168519
Predicted improvement:        0.051895385
lambda =          1; f =          -14.6917019
lambda =    0.33333; f =          -15.2385478
lambda =    0.11111; f =          -15.2777130
Norm of dx   0.034347
----
Improvement on iteration 71 =        0.003602189
-----------------
f at the beginning of new iteration,       -15.2777130491
Correct for low angle: 0.00186898
Predicted improvement:        0.039701780
lambda =          1; f =          -14.9659472
lambda =    0.33333; f =          -15.2582917
lambda =    0.11111; f =          -15.2816067
Norm of dx   0.030868
----
Improvement on iteration 72 =        0.003893683
-----------------
f at the beginning of new iteration,       -15.2816067319
Correct for low angle: 0.00210314
Predicted improvement:        0.030454413
lambda =          1; f =          -15.0111686
lambda =    0.33333; f =          -15.2667468
lambda =    0.11111; f =          -15.2843126
Norm of dx   0.027857
----
Improvement on iteration 73 =        0.002705851
-----------------
f at the beginning of new iteration,       -15.2843125833
Correct for low angle: 0.00250777
Predicted improvement:        0.022347394
lambda =          1; f =          -15.1588386
lambda =    0.33333; f =          -15.2799625
lambda =    0.11111; f =          -15.2872992
Norm of dx   0.025226
----
Improvement on iteration 74 =        0.002986591
-----------------
f at the beginning of new iteration,       -15.2872991742
Correct for low angle: 0.0032929
Predicted improvement:        0.015270733
lambda =          1; f =          -15.2395125
lambda =    0.33333; f =          -15.2886434
lambda =    0.11111; f =          -15.2895895
Norm of dx   0.023037
----
Improvement on iteration 75 =        0.002290366
-----------------
f at the beginning of new iteration,       -15.2895895403
Predicted improvement:        0.009695480
lambda =          1; f =          -15.3021732
Norm of dx   0.021528
----
Improvement on iteration 76 =        0.012583666
-----------------
f at the beginning of new iteration,       -15.3021732064
Predicted improvement:        0.003132477
lambda =          1; f =          -15.3061001
Norm of dx  0.0048474
----
Improvement on iteration 77 =        0.003926918
-----------------
f at the beginning of new iteration,       -15.3061001243
Correct for low angle: 0.0047435
Predicted improvement:        0.000967890
lambda =          1; f =          -15.3074135
Norm of dx  0.0064795
----
Improvement on iteration 78 =        0.001313352
-----------------
f at the beginning of new iteration,       -15.3074134765
Correct for low angle: 0.0017443
Predicted improvement:        0.002104607
lambda =          1; f =          -15.2921010
lambda =    0.33333; f =          -15.3064874
lambda =    0.11111; f =          -15.3075587
Norm of dx  0.0062718
----
Improvement on iteration 79 =        0.000145184
-----------------
f at the beginning of new iteration,       -15.3075586607
Correct for low angle: 0.00401243
Predicted improvement:        0.001034633
lambda =          1; f =          -15.3078628
lambda =    0.33333; f =          -15.3081103
lambda =    0.64439; f =          -15.3082181
Norm of dx  0.0065746
----
Improvement on iteration 80 =        0.000659406
-----------------
f at the beginning of new iteration,       -15.3082180663
Correct for low angle: 0.00150396
Predicted improvement:        0.003444619
lambda =          1; f =          -15.2996617
lambda =    0.33333; f =          -15.3086508
lambda =    0.11111; f =          -15.3087201
Norm of dx  0.0047645
----
Improvement on iteration 81 =        0.000502014
-----------------
f at the beginning of new iteration,       -15.3087200800
Correct for low angle: 0.00452001
Predicted improvement:        0.001475186
lambda =          1; f =          -15.3103844
Norm of dx  0.0049841
----
Improvement on iteration 82 =        0.001664334
-----------------
f at the beginning of new iteration,       -15.3103844139
Correct for low angle: 0.00353234
Predicted improvement:        0.002379666
lambda =          1; f =          -15.3142368
lambda =     1.9332; f =          -15.3158750
Norm of dx  0.0035701
----
Improvement on iteration 83 =        0.005490576
-----------------
f at the beginning of new iteration,       -15.3158749904
Correct for low angle: 0.00329028
Predicted improvement:        0.007915757
lambda =          1; f =          -15.3223903
Norm of dx  0.0069441
----
Improvement on iteration 84 =        0.006515330
-----------------
f at the beginning of new iteration,       -15.3223903206
Correct for low angle: 0.00154147
Predicted improvement:        0.021848556
lambda =          1; f =          -15.2619698
lambda =    0.33333; f =          -15.3254059
lambda =    0.11111; f =          -15.3261047
lambda =     0.2148; f =          -15.3271101
Norm of dx    0.01319
----
Improvement on iteration 85 =        0.004719813
-----------------
f at the beginning of new iteration,       -15.3271101333
Correct for low angle: 0.0026496
Predicted improvement:        0.010660443
lambda =          1; f =          -15.2752119
lambda =    0.33333; f =          -15.3259468
lambda =    0.11111; f =          -15.3284443
Norm of dx   0.016122
----
Improvement on iteration 86 =        0.001334172
-----------------
f at the beginning of new iteration,       -15.3284443053
Predicted improvement:        0.005306272
lambda =          1; f =          -15.3358237
Norm of dx   0.017097
----
Improvement on iteration 87 =        0.007379391
-----------------
f at the beginning of new iteration,       -15.3358236964
Correct for low angle: 0.00264642
Predicted improvement:        0.003530894
lambda =          1; f =          -15.3026664
lambda =    0.33333; f =          -15.3338896
lambda =    0.11111; f =          -15.3362242
Norm of dx   0.013335
----
Improvement on iteration 88 =        0.000400545
-----------------
f at the beginning of new iteration,       -15.3362242417
Correct for low angle: 0.00146506
Predicted improvement:        0.005780928
lambda =          1; f =          -15.2578018
lambda =    0.33333; f =          -15.3300072
lambda =    0.11111; f =          -15.3362629
lambda =   0.037037; f =          -15.3364681
Norm of dx   0.012034
----
Improvement on iteration 89 =        0.000243813
-----------------
f at the beginning of new iteration,       -15.3364680551
Correct for low angle: 0.00438735
Predicted improvement:        0.001682969
lambda =          1; f =          -15.3360357
lambda =    0.33333; f =          -15.3370956
Norm of dx   0.011619
----
Improvement on iteration 90 =        0.000627509
-----------------
f at the beginning of new iteration,       -15.3370955638
Correct for low angle: 0.00150849
Predicted improvement:        0.003269559
lambda =          1; f =          -15.3049412
lambda =    0.33333; f =          -15.3351568
lambda =    0.11111; f =          -15.3374565
Norm of dx  0.0085648
----
Improvement on iteration 91 =        0.000360963
-----------------
f at the beginning of new iteration,       -15.3374565265
Correct for low angle: 0.00173589
Predicted improvement:        0.002710574
lambda =          1; f =          -15.3100059
lambda =    0.33333; f =          -15.3354316
lambda =    0.11111; f =          -15.3375510
lambda =   0.037037; f =          -15.3375727
Norm of dx  0.0077791
----
Improvement on iteration 92 =        0.000116177
-----------------
f at the beginning of new iteration,       -15.3375727037
Correct for low angle: 0.00404502
Predicted improvement:        0.001077654
lambda =          1; f =          -15.3360780
lambda =    0.33333; f =          -15.3378078
Norm of dx  0.0076192
----
Improvement on iteration 93 =        0.000235139
-----------------
f at the beginning of new iteration,       -15.3378078427
Correct for low angle: 0.00138642
Predicted improvement:        0.002439832
lambda =          1; f =          -15.3237320
lambda =    0.33333; f =          -15.3374929
lambda =    0.11111; f =          -15.3382003
lambda =     0.2148; f =          -15.3381165
lambda =    0.14463; f =          -15.3382206
Norm of dx  0.0056786
----
Improvement on iteration 94 =        0.000412714
-----------------
f at the beginning of new iteration,       -15.3382205564
Correct for low angle: 0.00264841
Predicted improvement:        0.001227921
lambda =          1; f =          -15.3325908
lambda =    0.33333; f =          -15.3380241
lambda =    0.11111; f =          -15.3383392
Norm of dx  0.0052039
----
Improvement on iteration 95 =        0.000118671
-----------------
f at the beginning of new iteration,       -15.3383392273
Predicted improvement:        0.000648685
lambda =          1; f =          -15.3393868
lambda =     1.9332; f =          -15.3399633
Norm of dx  0.0050705
----
Improvement on iteration 96 =        0.001624084
-----------------
f at the beginning of new iteration,       -15.3399633115
Predicted improvement:        0.001421074
lambda =          1; f =          -15.3425441
lambda =     1.9332; f =          -15.3445268
lambda =     3.7372; f =          -15.3471995
Norm of dx  0.0059535
----
Improvement on iteration 97 =        0.007236147
-----------------
f at the beginning of new iteration,       -15.3471994581
Correct for low angle: 0.00447109
Predicted improvement:        0.008530071
lambda =          1; f =          -15.3591575
lambda =     1.9332; f =          -15.3605936
Norm of dx   0.019299
----
Improvement on iteration 98 =        0.013394178
-----------------
f at the beginning of new iteration,       -15.3605936364
Correct for low angle: 0.00154122
Predicted improvement:        0.046238849
lambda =          1; f =          -15.3113818
lambda =    0.33333; f =          -15.3758791
Norm of dx   0.014005
----
Improvement on iteration 99 =        0.015285423
-----------------
f at the beginning of new iteration,       -15.3758790590
Predicted improvement:        0.013807216
lambda =          1; f =          -15.3985293
lambda =     1.9332; f =          -15.4105644
Norm of dx   0.020184
----
Improvement on iteration 100 =        0.034685341
-----------------
f at the beginning of new iteration,       -15.4105644002
Predicted improvement:        0.004035258
lambda =          1; f =          -15.4145457
Norm of dx   0.011329
----
Improvement on iteration 101 =        0.003981307
-----------------
f at the beginning of new iteration,       -15.4145457072
Predicted improvement:        0.000024475
lambda =          1; f =          -15.4145832
lambda =     1.9332; f =          -15.4145954
Norm of dx 0.00045893
----
Improvement on iteration 102 =        0.000049655
-----------------
f at the beginning of new iteration,       -15.4145953621
Predicted improvement:        0.000017497
lambda =          1; f =          -15.4146277
lambda =     1.9332; f =          -15.4146538
lambda =     3.7372; f =          -15.4146928
lambda =     7.2247; f =          -15.4147258
Norm of dx 0.00015122
----
Improvement on iteration 103 =        0.000130415
-----------------
f at the beginning of new iteration,       -15.4147257771
Predicted improvement:        0.000073012
lambda =          1; f =          -15.4148592
lambda =     1.9332; f =          -15.4149587
lambda =     3.7372; f =          -15.4150822
Norm of dx 0.00057503
----
Improvement on iteration 104 =        0.000356448
-----------------
f at the beginning of new iteration,       -15.4150822248
Predicted improvement:        0.000094518
lambda =          1; f =          -15.4151893
Norm of dx   0.001046
----
Improvement on iteration 105 =        0.000107111
-----------------
f at the beginning of new iteration,       -15.4151893354
Predicted improvement:        0.000004652
lambda =          1; f =          -15.4151932
Norm of dx 0.00024357
----
Improvement on iteration 106 =        0.000003904
-----------------
f at the beginning of new iteration,       -15.4151932399
Predicted improvement:        0.000000415
lambda =          1; f =          -15.4151939
lambda =     1.9332; f =          -15.4151942
Norm of dx  6.951e-05
----
Improvement on iteration 107 =        0.000001007
-----------------
f at the beginning of new iteration,       -15.4151942471
Predicted improvement:        0.000000763
lambda =          1; f =          -15.4151957
lambda =     1.9332; f =          -15.4151969
lambda =     3.7372; f =          -15.4151987
lambda =     7.2247; f =          -15.4152003
Norm of dx 8.6504e-05
----
Improvement on iteration 108 =        0.000006099
-----------------
f at the beginning of new iteration,       -15.4152003462
Predicted improvement:        0.000005565
lambda =          1; f =          -15.4152113
lambda =     1.9332; f =          -15.4152209
lambda =     3.7372; f =          -15.4152378
lambda =     7.2247; f =          -15.4152645
lambda =     13.967; f =          -15.4152937
Norm of dx 0.00018816
----
Improvement on iteration 109 =        0.000093308
-----------------
f at the beginning of new iteration,       -15.4152936547
Predicted improvement:        0.000047284
lambda =          1; f =          -15.4153579
Norm of dx  0.0017649
----
Improvement on iteration 110 =        0.000064215
-----------------
f at the beginning of new iteration,       -15.4153578693
Predicted improvement:        0.000010900
lambda =          1; f =          -15.4153683
Norm of dx 0.00093754
----
Improvement on iteration 111 =        0.000010436
-----------------
f at the beginning of new iteration,       -15.4153683053
Predicted improvement:        0.000000033
lambda =          1; f =          -15.4153683
Norm of dx 2.5962e-05
----
Improvement on iteration 112 =        0.000000022
improvement < crit termination

Final value of minus the log posterior (or likelihood):-15.415368 

RESULTS FROM POSTERIOR ESTIMATION
parameters
         prior mean     mode    s.d. prior pstdev

trend        0.500   0.6737  0.0757 norm  0.2500 
piestarobs   1.000   0.5603  0.1003 norm  0.5000 
rstarobs     0.125   0.3008  0.0967 gamm  0.0625 
kappa        0.300   0.1731  0.0777 gamm  0.1500 
sigma        2.000   3.8030  0.5580 gamm  0.5000 
psi1         1.500   1.7284  0.2462 gamm  0.2500 
psi2         0.125   0.0247  0.0329 gamm  0.1000 
rhoR         0.500   0.8577  0.0233 beta  0.2000 
rhog         0.800   0.8985  0.0666 beta  0.1000 
rhoz         0.300   0.3711  0.0951 beta  0.1000 
rhoxi        0.500   0.5303  0.2767 beta  0.2000 
rhophi       0.500   0.8553  0.0394 beta  0.2000 

standard deviation of shocks
         prior mean     mode    s.d. prior pstdev

eR           0.003   0.0014  0.0001 invg  0.0014 
eg           0.006   0.0031  0.0005 invg  0.0032 
ez           0.009   0.0043  0.0005 invg  0.0043 
exi          0.005   0.0028  0.0009 invg  0.0040 
ephi         0.005   0.0185  0.0050 invg  0.0040 


Log data density [Laplace approximation] is -36.351735.

