Starting Dynare (version 4.5.7).
Starting preprocessing of the model file ...
WARNING: QPM_US_20083.mod:167.1-79: ''unit_root_vars'' is now obsolete; use the ''diffuse_filter'' option of ''estimation'' instead
Substitution of endo leads >= 2: added 6 auxiliary variables and equations.
Substitution of endo lags >= 2: added 16 auxiliary variables and equations.
Found 52 equation(s).
Evaluating expressions...done
Computing static model derivatives:
 - order 1
Computing dynamic model derivatives:
 - order 1
 - order 2
Processing outputs ...
done
Preprocessing completed.

STEADY-STATE RESULTS:

RR_US             		 1.8456
RR_US_BAR         		 1.8456
UNR_US            		 6.6
UNR_US_GAP        		 0
UNR_US_BAR        		 6.6
PIE_US            		 2.5
PIE_US4           		 2.5
Y_US              		 0
LGDP_US           		 907.428
LGDP_US_BAR       		 907.428
RS_US             		 4.3456
G_US              		 2.7599
LCPI_US           		 498.839
E4_PIE_US4        		 2.5
E1_Y_US           		 0
E1_PIE_US         		 2.5
UNR_G_US          		 0
GROWTH_US         		 2.7599
GROWTH4_US        		 2.7599
GROWTH4_US_BAR    		 2.7599
BLT_US            		 -8.87
BLT_US_BAR        		 -8.87
E                 		 0
E2                		 0
GROWTH_US_BAR     		 2.7599
RR_US_GAP         		 0
BLT_US_GAP        		 0
rff_q_obs         		 -1.81002
pgdp_q_obs        		 2.5
xgdp_q_obs        		 4.3456

EIGENVALUES:
         Modulus             Real        Imaginary

               0               -0                0
               0               -0                0
               0               -0                0
               0               -0                0
               0               -0                0
               0               -0                0
       2.177e-18        2.177e-18                0
       2.571e-18        2.571e-18                0
       5.582e-18       -5.582e-18                0
       8.094e-18        8.094e-18                0
         1.5e-17          1.5e-17                0
       1.931e-17        1.931e-17                0
       1.991e-17       -1.991e-17                0
       2.206e-17        2.206e-17                0
        2.29e-17         2.29e-17                0
       3.133e-17       -3.133e-17                0
       1.592e-16       -1.592e-16                0
             0.1              0.1                0
          0.4822          -0.4822                0
          0.5118         -0.05828           0.5085
          0.5118         -0.05828          -0.5085
          0.6648           0.6648                0
          0.6992           0.6992                0
          0.7796           0.7796                0
             0.9              0.9                0
           0.951           0.9252           0.2203
           0.951           0.9252          -0.2203
               1                1                0
               1                1                0
               1                1                0
               1                1                0
           1.156            1.156                0
           1.718          -0.2063            1.706
           1.718          -0.2063           -1.706
           1.824           -1.824                0
           7.308            7.308                0
       3.121e+04         1.56e+04        2.703e+04
       3.121e+04         1.56e+04       -2.703e+04
       3.121e+04       -3.121e+04                0
       3.628e+32       -3.628e+32                0


There are 9 eigenvalue(s) larger than 1 in modulus 
for 9 forward-looking variable(s)

The rank condition is verified.

Total computing time : 0h00m01s
Note: 1 warning(s) encountered in the preprocessor
