Starting Dynare (version 4.5.7).
Starting preprocessing of the model file ...
Found 48 equation(s).
Evaluating expressions...done
Computing static model derivatives:
 - order 1
Computing dynamic model derivatives:
 - order 1
 - order 2
Processing outputs ...
done
Preprocessing completed.
{Error using <a href="matlab:matlab.internal.language.introspective.errorDocCallback('fzero', 'C:\Program Files\MATLAB\R2018a\toolbox\matlab\optimfun\fzero.m', 306)" style="font-weight:bold">fzero</a> (<a href="matlab: opentoline('C:\Program Files\MATLAB\R2018a\toolbox\matlab\optimfun\fzero.m',306,0)">line 306</a>)
FZERO cannot continue because user-supplied function_handle ==> @(omega)solve_omega(omega,beta,sigma,nu,chi,we) failed with the
error below.

 Undefined function 'solve_omega' for input arguments of type 'double'.
Error in <a href="matlab:matlab.internal.language.introspective.errorDocCallback('dssw_ff_steadystate', 'C:\Users\Farkas\Documents\GitHub\forecastingplatform\MODELS\ModelsTOadd\dssw_ff_steadystate.m', 20)" style="font-weight:bold">dssw_ff_steadystate</a> (<a href="matlab: opentoline('C:\Users\Farkas\Documents\GitHub\forecastingplatform\MODELS\ModelsTOadd\dssw_ff_steadystate.m',20,0)">line 20</a>)
omega   = fzero(f_omega,0.95);
Error in <a href="matlab:matlab.internal.language.introspective.errorDocCallback('evaluate_steady_state_file', 'C:\dynare\4.5.7\matlab\evaluate_steady_state_file.m', 52)" style="font-weight:bold">evaluate_steady_state_file</a> (<a href="matlab: opentoline('C:\dynare\4.5.7\matlab\evaluate_steady_state_file.m',52,0)">line 52</a>)
    [ys,check] = h_steadystate(ys_init, exo_ss);
Error in <a href="matlab:matlab.internal.language.introspective.errorDocCallback('evaluate_steady_state', 'C:\dynare\4.5.7\matlab\evaluate_steady_state.m', 212)" style="font-weight:bold">evaluate_steady_state</a> (<a href="matlab: opentoline('C:\dynare\4.5.7\matlab\evaluate_steady_state.m',212,0)">line 212</a>)
    [ys,params,info] = evaluate_steady_state_file(ys_init,exo_ss,M, options,steadystate_check_flag);
Error in <a href="matlab:matlab.internal.language.introspective.errorDocCallback('steady_', 'C:\dynare\4.5.7\matlab\steady_.m', 55)" style="font-weight:bold">steady_</a> (<a href="matlab: opentoline('C:\dynare\4.5.7\matlab\steady_.m',55,0)">line 55</a>)
[steady_state,params,info] = evaluate_steady_state(oo_.steady_state,M_,options_,oo_,~options_.steadystate.nocheck);
Error in <a href="matlab:matlab.internal.language.introspective.errorDocCallback('steady', 'C:\dynare\4.5.7\matlab\steady.m', 81)" style="font-weight:bold">steady</a> (<a href="matlab: opentoline('C:\dynare\4.5.7\matlab\steady.m',81,0)">line 81</a>)
[steady_state,M_.params,info] = steady_(M_,options_,oo_);
Error in <a href="matlab:matlab.internal.language.introspective.errorDocCallback('dssw_ff', 'C:\Users\Farkas\Documents\GitHub\forecastingplatform\MODELS\ModelsTOadd\dssw_ff.m', 482)" style="font-weight:bold">dssw_ff</a> (<a href="matlab: opentoline('C:\Users\Farkas\Documents\GitHub\forecastingplatform\MODELS\ModelsTOadd\dssw_ff.m',482,0)">line 482</a>)
steady;
Error in <a href="matlab:matlab.internal.language.introspective.errorDocCallback('dynare', 'C:\dynare\4.5.7\matlab\dynare.m', 235)" style="font-weight:bold">dynare</a> (<a href="matlab: opentoline('C:\dynare\4.5.7\matlab\dynare.m',235,0)">line 235</a>)
evalin('base',fname) ;} 
