Starting Dynare (version 4.5.7).
Starting preprocessing of the model file ...
Found 36 equation(s).
Evaluating expressions...done
Computing static model derivatives:
 - order 1
Computing dynamic model derivatives:
 - order 1
 - order 2
Processing outputs ...
done
Preprocessing completed.

STEADY-STATE RESULTS:

lambda     		 0.643038
R          		 1.01761
pic        		 1.0075
c          		 1.57287
w_tilda    		 1.64135
w          		 1.64135
phi_w      		 1273.62
psi_w      		 13.7624
L          		 1.0074
k          		 23.244
k_bar      		 23.3605
i          		 0.69761
Q          		 1
R_e        		 1.01761
r_k        		 0.0350376
u          		 1
mc         		 0.869565
p_tilda    		 1
phi_f      		 3.93802
psi_f      		 4.52873
y          		 2.8381
Delta      		 1
z          		 0.005
lb         		 0
lphi       		 -0.223144
lmu        		 0
llambda_f  		 -1.89712
lg         		 0.223144
lA         		 0
hours_obs  		 1.29918
rff_q_obs  		 1.76129
pgdp_q_obs 		 0.747201
xgdp_q_obs 		 0.5
pcer_q_obs 		 0.5
fpi_q_obs  		 0.5
wage_obs   		 0.5

EIGENVALUES:
         Modulus             Real        Imaginary

       3.374e-17        3.374e-17                0
       9.152e-17       -9.152e-17                0
          0.3923           0.3923                0
           0.552           0.5067           0.2189
           0.552           0.5067          -0.2189
             0.6              0.6                0
          0.6516           0.6516                0
          0.8122           0.8122                0
             0.9              0.9                0
             0.9              0.9                0
             0.9              0.9                0
             0.9              0.9                0
             0.9              0.9                0
             0.9              0.9                0
          0.9558           0.9558                0
           1.046            1.046                0
           1.138            1.138                0
           1.256            1.209           0.3407
           1.256            1.209          -0.3407
           1.354            1.354                0
           1.668            1.668                0
           1.675            1.675                0
           1.675            1.675                0
       1.552e+16       -1.552e+16                0
       1.148e+18       -1.148e+18                0
       2.011e+18       -2.011e+18                0
        3.85e+18        -3.85e+18                0
       3.145e+19       -3.145e+19                0


There are 13 eigenvalue(s) larger than 1 in modulus 
for 13 forward-looking variable(s)

The rank condition is verified.


Total computing time : 0h00m01s
Trying mode_compute = 4, Chris Sims’ csminwel, and checking if estimation is feasible.
Initial value of the log posterior (or likelihood): -628185.9844
-----------------
f at the beginning of new iteration,    628185.9843525884
Predicted improvement: 229213747.379958332
lambda =          1; f =       636853.6127062
lambda =    0.33333; f =       629131.1293419
lambda =    0.11111; f =       628285.7131513
lambda =   0.037037; f =       628195.8128445
lambda =   0.012346; f =       628186.9674778
lambda =  0.0041152; f =       628186.0808721
lambda =  0.0013717; f =       628185.9914634
lambda = 0.00045725; f =       628185.9844314
lambda = 0.00015242; f =       628185.9843526
lambda = 5.0805e-05; f =       606516.8688093
lambda = 9.8216e-05; f =       628185.9843526
lambda = 6.6133e-05; f =       600210.0561949
lambda = 8.3845e-05; f =       628185.9843526
lambda = 7.2718e-05; f =       597534.2622990
lambda = 7.9203e-05; f =       594922.2678180
lambda = 8.6267e-05; f =       628185.9843526
lambda = 8.1956e-05; f =       628185.9843526
lambda = 7.9474e-05; f =       628185.9843526
Norm of dx     214.11
Cliff.  Perturbing search direction.
Predicted improvement: 349664036.721863210
lambda =          1; f =       656877.5326900
lambda =    0.33333; f =       631338.5181070
lambda =    0.11111; f =       628525.3348912
lambda =   0.037037; f =       628220.6115259
lambda =   0.012346; f =       628189.3051197
lambda =  0.0041152; f =       628186.3203472
lambda =  0.0013717; f =       628186.0146229
lambda = 0.00045725; f =       628185.9858550
lambda = 0.00015242; f =       628185.9843634
lambda = 5.0805e-05; f =       628185.9843526
lambda = 1.6935e-05; f =       628185.9843526
lambda =  5.645e-06; f =       628185.9843526
lambda = 1.8817e-06; f =       628185.9843526
lambda = 6.2723e-07; f =       627773.5096986
lambda = 1.2125e-06; f =       628185.9843526
lambda = 8.1646e-07; f =       627648.0791266
lambda = 1.0351e-06; f =       628185.9843526
lambda = 8.9775e-07; f =       628185.9843526
lambda = 8.2424e-07; f =       628185.9843526
Norm of dx        336
Cliff again.  Try traversing
Predicted improvement: 1922016390719.645996094
lambda =          1; f = 729519573036.7733154
lambda =    0.33333; f =  81058110034.7983704
lambda =    0.11111; f =   9006955513.3965416
lambda =   0.037037; f =   1001311392.8359503
lambda =   0.012346; f =    111808616.9970080
lambda =  0.0041152; f =     12979375.2113024
lambda =  0.0013717; f =      1999812.9089398
lambda = 0.00045725; f =       780348.7900813
lambda = 0.00015242; f =       645013.8568086
lambda = 5.0805e-05; f =       630030.2947790
lambda = 1.6935e-05; f =       628383.2107420
lambda =  5.645e-06; f =       628205.8638703
lambda = 1.8817e-06; f =       628187.9453183
lambda = 6.2723e-07; f =       628186.1812175
lambda = 2.0908e-07; f =       628186.0009073
lambda = 6.9692e-08; f =       628185.9849122
lambda = 2.3231e-08; f =       628185.9843526
lambda = 7.7435e-09; f =       628185.9843526
lambda = 2.5812e-09; f =       628185.9843526
lambda =
  -6.2723e-07
lambda = -6.2723e-07; f =       628185.9850460
lambda = -2.0908e-07; f =       628185.9843526
lambda = -6.9692e-08; f =       628185.9843526
lambda = -2.3231e-08; f =       628185.9843526
lambda = -7.7435e-09; f =       628185.9843526
lambda = -2.5812e-09; f =       628185.9843526
Norm of dx 1.9606e+06
----
Improvement on iteration 1 =    33263.716534563
back and forth on step length never finished
-----------------
f at the beginning of new iteration,    594922.2678180258
Predicted improvement: 55323742076294928.000000000
lambda =          1; f = 11064743869143.0957031
lambda =    0.33333; f = 1229415379214.3808594
lambda =    0.11111; f = 136601859266.7313843
lambda =   0.037037; f =  15178387065.0447483
lambda =   0.012346; f =   1686974232.6633153
lambda =  0.0041152; f =    187956388.6364694
lambda =  0.0013717; f =     21408192.4707486
lambda = 0.00045725; f =      2905951.3606322
lambda = 0.00015242; f =       851184.7991513
lambda = 5.0805e-05; f =       623223.4054006
lambda = 1.6935e-05; f =       598009.6956386
lambda =  5.645e-06; f =       595246.6169944
lambda = 1.8817e-06; f =       594952.4231437
lambda = 6.2723e-07; f =       594924.0065673
lambda = 2.0908e-07; f =       655017.9320223
lambda = 6.9692e-08; f =       630496.3688930
lambda = 2.3231e-08; f =       594922.2678180
lambda = 7.7435e-09; f =       594922.2678180
lambda = 2.5812e-09; f =       594922.2678180
lambda =
  -6.2723e-07
lambda = -6.2723e-07; f =       594925.7068034
lambda = -2.0908e-07; f =       594922.4826751
lambda = -6.9692e-08; f =       594922.2678204
lambda = -2.3231e-08; f =       594922.2678180
lambda = -7.7435e-09; f =       588324.1391722
Norm of dx 3.3264e+06
----
Improvement on iteration 2 =     6598.128645826
-----------------
f at the beginning of new iteration,    588324.1391721995
Predicted improvement: 196026997.701565236
lambda =          1; f =       594313.6683467
lambda =    0.33333; f =       588972.6856526
lambda =    0.11111; f =       588391.1799611
lambda =   0.037037; f =       588330.4395144
lambda =   0.012346; f =       588324.7470756
lambda =  0.0041152; f =       588324.1985796
lambda =  0.0013717; f =       588324.1435770
lambda = 0.00045725; f =       588324.1392247
lambda = 0.00015242; f =       588324.1391726
lambda = 5.0805e-05; f =       588324.1391722
lambda = 1.6935e-05; f =       588324.1391722
lambda =  5.645e-06; f =       588324.1391722
lambda = 1.8817e-06; f =       587629.1160351
lambda = 3.6376e-06; f =       588324.1391722
lambda = 2.4494e-06; f =       588324.1391722
lambda = 1.9319e-06; f =       587609.4578299
lambda = 2.2276e-06; f =       587501.0385344
lambda = 2.5684e-06; f =       587374.9536609
lambda = 2.9614e-06; f =       588324.1391722
lambda = 2.7189e-06; f =       588324.1391722
lambda = 2.5831e-06; f =       588324.1391722
Norm of dx        198
Cliff.  Perturbing search direction.
Predicted improvement: 291338864.818098783
lambda =          1; f =       599186.6296389
lambda =    0.33333; f =       589504.9414476
lambda =    0.11111; f =       588447.4138518
lambda =   0.037037; f =       588335.7410199
lambda =   0.012346; f =       588325.1803533
lambda =  0.0041152; f =       588324.2397711
lambda =  0.0013717; f =       588324.1474255
lambda = 0.00045725; f =       588324.1394095
lambda = 0.00015242; f =       588324.1392327
lambda = 5.0805e-05; f =       588324.1391722
lambda = 1.6935e-05; f =       579104.8335640
lambda = 3.2739e-05; f =       588324.1391722
lambda = 2.2044e-05; f =       576370.2652335
lambda = 2.7948e-05; f =       588324.1391722
lambda = 2.4239e-05; f =       588324.1391722
lambda = 2.2255e-05; f =       588324.1391722
Norm of dx     296.75
Cliff again.  Try traversing
Predicted improvement: 1661075576576.322509766
lambda =          1; f = 406166120757.6033936
lambda =    0.33333; f =  45129921232.8642120
lambda =    0.11111; f =   5014901767.7304754
lambda =   0.037037; f =    557715321.1693459
lambda =   0.012346; f =     62485028.5632966
lambda =  0.0041152; f =      7463643.4576396
lambda =  0.0013717; f =      1351553.7568307
lambda = 0.00045725; f =       672896.8874752
lambda = 0.00015242; f =       597645.2006692
lambda = 5.0805e-05; f =       589335.4461390
lambda = 1.6935e-05; f =       588429.1557984
lambda =  5.645e-06; f =       588333.8994373
lambda = 1.8817e-06; f =       588325.0148070
lambda = 6.2723e-07; f =       588324.2236135
lambda = 2.0908e-07; f =       588324.1458939
lambda = 6.9692e-08; f =       588324.1393272
lambda = 2.3231e-08; f =       588324.1392160
lambda = 7.7435e-09; f =       588324.1391722
lambda = 2.5812e-09; f =       588324.1391722
lambda =
  -6.2723e-07
lambda = -6.2723e-07; f =       588324.1393146
lambda = -2.0908e-07; f =       588324.1391722
lambda = -6.9692e-08; f =       881543.4008689
lambda = -2.3231e-08; f =       588324.1391722
lambda = -7.7435e-09; f =       588324.1391722
lambda = -2.5812e-09; f =       588324.1391722
Norm of dx 1.8227e+06
----
Improvement on iteration 3 =    11953.873938717
back and forth on step length never finished
-----------------
f at the beginning of new iteration,    576370.2652334829
Predicted improvement: 196026997.701565236
lambda =          1; f =       582360.1504221
lambda =    0.33333; f =       577018.9285823
lambda =    0.11111; f =       576437.3432555
lambda =   0.037037; f =       576376.5762779
lambda =   0.012346; f =       576370.8760911
lambda =  0.0041152; f =       576370.3255307
lambda =  0.0013717; f =       576370.2698830
lambda = 0.00045725; f =       576370.2653156
lambda = 0.00015242; f =       576370.2652454
lambda = 5.0805e-05; f =       576370.2652335
lambda = 1.6935e-05; f =       576370.2652335
lambda =  5.645e-06; f =       576370.2652335
lambda = 1.8817e-06; f =       576370.2652335
lambda = 6.2723e-07; f =       576370.2652335
lambda = 2.0908e-07; f =       576370.2652335
lambda = 6.9692e-08; f =       576370.2652335
lambda = 2.3231e-08; f =       576361.4395736
Norm of dx        198
----
Improvement on iteration 4 =        8.825659865
-----------------
f at the beginning of new iteration,    576361.4395736177
Predicted improvement: 184325861.579497725
lambda =          1; f =       581483.8925631
lambda =    0.33333; f =       576913.6069275
lambda =    0.11111; f =       576417.7222551
lambda =   0.037037; f =       576366.5270157
lambda =   0.012346; f =       576361.9098459
lambda =  0.0041152; f =       576361.4848148
lambda =  0.0013717; f =       576361.4428496
lambda = 0.00045725; f =       576361.4396029
lambda = 0.00015242; f =       576361.4395842
lambda = 5.0805e-05; f =       576361.4395736
lambda = 1.6935e-05; f =       576361.4395736
lambda =  5.645e-06; f =       574417.9992051
lambda = 1.0913e-05; f =       576361.4395736
lambda = 7.3481e-06; f =       576361.4395736
lambda = 5.7958e-06; f =       576361.4395736
lambda = 5.6899e-06; f =       574401.5545400
lambda = 5.7532e-06; f =       576361.4395736
Norm of dx        192
Cliff.  Perturbing search direction.
Predicted improvement: 265715748.600545704
lambda =          1; f =       590023.1627973
lambda =    0.33333; f =       577849.7462539
lambda =    0.11111; f =       576517.6162583
lambda =   0.037037; f =       576376.2605556
lambda =   0.012346; f =       576362.7170459
lambda =  0.0041152; f =       576361.5615007
lambda =  0.0013717; f =       576361.4501271
lambda = 0.00045725; f =       576361.4399971
lambda = 0.00015242; f =       576361.4395910
lambda = 5.0805e-05; f =       576361.4395736
lambda = 1.6935e-05; f =       576361.4395736
lambda =  5.645e-06; f =       576361.4395736
lambda = 1.8817e-06; f =       576361.4395736
lambda = 6.2723e-07; f =       576361.4395736
lambda = 2.0908e-07; f =       576361.4395736
lambda = 6.9692e-08; f =       576361.4395736
lambda = 2.3231e-08; f =       576349.0943319
lambda = 4.4909e-08; f =       576361.4395736
lambda = 3.0239e-08; f =       576361.4395736
lambda = 2.3851e-08; f =       576348.7645048
lambda = 2.7501e-08; f =       576361.4395736
lambda = 2.5249e-08; f =       576361.4395736
lambda = 2.3987e-08; f =       576348.6921129
lambda = 2.4737e-08; f =       576361.4395736
lambda = 2.4284e-08; f =       576348.5343323
lambda = 2.4555e-08; f =       576349.9869053
lambda = 2.4828e-08; f =       576361.4395736
Norm of dx     285.24
Cliff again.  Try traversing
Predicted improvement: 1607790730927.991699219
lambda =          1; f = 453152887929.7444458
lambda =    0.33333; f =  50350661444.5301208
lambda =    0.11111; f =   5594973023.3630047
lambda =   0.037037; f =    622156928.2123044
lambda =   0.012346; f =     69634529.0639120
lambda =  0.0041152; f =      8247380.1342872
lambda =  0.0013717; f =      1427994.1050180
lambda = 0.00045725; f =       670753.9782919
lambda = 0.00015242; f =       586772.6637940
lambda = 5.0805e-05; f =       577493.5650462
lambda = 1.6935e-05; f =       576479.6775010
lambda =  5.645e-06; f =       576372.5888078
lambda = 1.8817e-06; f =       576362.4466215
lambda = 6.2723e-07; f =       576361.5364490
lambda = 2.0908e-07; f =       576361.4476891
lambda = 6.9692e-08; f =       576361.4398414
lambda = 2.3231e-08; f =       576361.4396434
lambda = 7.7435e-09; f =       576361.4395736
lambda = 2.5812e-09; f =       576361.4395736
lambda =
  -6.2723e-07
lambda = -6.2723e-07; f =       576361.4400228
lambda = -2.0908e-07; f =      1940649.5188148
lambda = -6.9692e-08; f =       861040.2743185
lambda = -2.3231e-08; f =       658756.5768829
lambda = -7.7435e-09; f =       576361.4395736
lambda = -2.5812e-09; f =       576361.4395736
Norm of dx 1.7932e+06
----
Improvement on iteration 5 =     1959.885033599
back and forth on step length never finished
-----------------
f at the beginning of new iteration,    574401.5545400187
Predicted improvement: 184325861.579497725
lambda =          1; f =       579524.0662736
lambda =    0.33333; f =       574953.7411663
lambda =    0.11111; f =       574457.8433450
lambda =   0.037037; f =       574406.6437241
lambda =   0.012346; f =       574402.0252801
lambda =  0.0041152; f =       574401.5999185
lambda =  0.0013717; f =       574401.5578530
lambda = 0.00045725; f =       574401.5545729
lambda = 0.00015242; f =       574401.5545537
lambda = 5.0805e-05; f =       574401.5545400
lambda = 1.6935e-05; f =       568644.7878659
Norm of dx        192
----
Improvement on iteration 6 =     5756.766674147
-----------------
f at the beginning of new iteration,    568644.7878658717
Predicted improvement: 1657018403520592.500000000
lambda =          1; f = 331403285157.5010376
lambda =    0.33333; f =  36822890107.4185638
lambda =    0.11111; f =   4091870165.2856126
lambda =   0.037037; f =    455135192.8060130
lambda =   0.012346; f =     51068536.1566178
lambda =  0.0041152; f =      6177243.2495385
lambda =  0.0013717; f =      1190989.2400452
lambda = 0.00045725; f =       637516.8249770
lambda = 0.00015242; f =       576205.1592403
lambda = 5.0805e-05; f =       569454.5082738
lambda = 1.6935e-05; f =       568725.0213894
lambda =  5.645e-06; f =       568650.8291063
lambda = 1.8817e-06; f =       568644.8727909
lambda = 6.2723e-07; f =       617721.9432596
lambda = 2.0908e-07; f =       593412.6165930
lambda = 6.9692e-08; f =       578467.1889962
lambda = 2.3231e-08; f =       568644.7878659
lambda = 7.7435e-09; f =       568644.7878659
lambda = 2.5812e-09; f =       568644.7878659
lambda =
  -6.2723e-07
lambda = -6.2723e-07; f =       568644.8113342
lambda = -2.0908e-07; f =       530185.8869753
Norm of dx 5.7568e+05
----
Improvement on iteration 7 =    38458.900890583
-----------------
f at the beginning of new iteration,    530185.8869752885
Correct for low angle: 0.000630966
Predicted improvement: 24047753857.581901550
lambda =          1; f =       532143.1919602
lambda =    0.33333; f =       530399.9179970
lambda =    0.11111; f =       530208.6812305
lambda =   0.037037; f =       530188.2059302
lambda =   0.012346; f =       530186.1279788
lambda =  0.0041152; f =       530185.9097233
lambda =  0.0013717; f =       530185.8883785
lambda = 0.00045725; f =       530185.8876636
lambda = 0.00015242; f =       530185.8869922
lambda = 5.0805e-05; f =       530185.8869753
lambda = 1.6935e-05; f =       530185.8869753
lambda =  5.645e-06; f =       530185.8869753
lambda = 1.8817e-06; f =       530185.8869753
lambda = 6.2723e-07; f =       530185.8869753
lambda = 2.0908e-07; f =       530114.5758328
lambda = 6.9692e-08; f =       530162.6478891
lambda = 2.3231e-08; f =       530178.4019744
lambda = 7.7435e-09; f =       530183.9200537
lambda = 2.5812e-09; f =       530184.9673398
Norm of dx     250.12
----
Improvement on iteration 8 =       71.311142440
smallest step still improving too slow
-----------------
f at the beginning of new iteration,    530114.5758328486
Predicted improvement: 223839937.679074109
lambda =          1; f =       541069.9464437
lambda =    0.33333; f =       531328.3262191
lambda =    0.11111; f =       530248.7996366
lambda =   0.037037; f =       530129.3567189
lambda =   0.012346; f =       530116.1824434
lambda =  0.0041152; f =       530114.7436845
lambda =  0.0013717; f =       530114.5911483
lambda = 0.00045725; f =       530114.5766418
lambda = 0.00015242; f =       530114.5759069
lambda = 5.0805e-05; f =       508849.7077468
lambda = 9.8216e-05; f =       530114.5758423
lambda = 6.6133e-05; f =       503211.5556059
lambda = 8.3845e-05; f =       530114.5758354
lambda = 7.2718e-05; f =       530114.5758331
lambda = 6.6764e-05; f =       502989.8479904
lambda = 7.0275e-05; f =       530114.5758329
lambda = 6.8147e-05; f =       530114.5758328
lambda = 6.6901e-05; f =       502941.8241415
lambda = 6.7645e-05; f =       502681.8766217
lambda = 6.8399e-05; f =       530114.5758328
Norm of dx     211.98
Cliff.  Perturbing search direction.
Predicted improvement: 290748782.732173324
lambda =          1; f =       544721.6009103
lambda =    0.33333; f =       531730.5631903
lambda =    0.11111; f =       530292.8062721
lambda =   0.037037; f =       530134.2067603
lambda =   0.012346; f =       530116.7153806
lambda =  0.0041152; f =       530114.8012327
lambda =  0.0013717; f =       530114.5969869
lambda = 0.00045725; f =       530114.5771053
lambda = 0.00015242; f =       530114.5759082
lambda = 5.0805e-05; f =       502712.3950145
lambda = 9.8216e-05; f =       530114.5758426
lambda = 6.6133e-05; f =       495536.5448427
lambda = 8.3845e-05; f =       530114.5758356
lambda = 7.2718e-05; f =       530114.5758331
lambda = 6.6764e-05; f =       495255.4410050
lambda = 7.0275e-05; f =       530114.5758329
lambda = 6.8147e-05; f =       530114.5758329
lambda = 6.6901e-05; f =       495194.5775388
lambda = 6.7645e-05; f =       494867.3429788
lambda = 6.8399e-05; f =       530114.5758329
Norm of dx     279.59
Cliff again.  Try traversing
Predicted improvement: 1044874671456.175537109
lambda =          1; f =  92158023709.6342163
lambda =    0.33333; f =  10240168506.0013790
lambda =    0.11111; f =   1138240036.1769962
lambda =   0.037037; f =    126933131.1664448
lambda =   0.012346; f =     14571857.2935531
lambda =  0.0041152; f =      2089312.4065956
lambda =  0.0013717; f =       703037.2073268
lambda = 0.00045725; f =       549224.7665638
lambda = 0.00015242; f =       532206.3361607
lambda = 5.0805e-05; f =       530339.3393247
lambda = 1.6935e-05; f =       530138.2743557
lambda =  5.645e-06; f =       530117.1209880
lambda = 1.8817e-06; f =       530114.8451669
lambda = 6.2723e-07; f =       530114.6014909
lambda = 2.0908e-07; f =       530114.5774799
lambda = 6.9692e-08; f =       530114.5758334
lambda = 2.3231e-08; f =       478342.4795904
lambda = 4.4909e-08; f =       437952.4718473
lambda = 8.6817e-08; f =       530114.5758644
lambda = 5.8458e-08; f =       416620.7522828
lambda = 7.4114e-08; f =       530114.5758368
lambda = 6.4278e-08; f =       408411.5452412
lambda = 7.0011e-08; f =       530114.5758335
lambda = 6.6513e-08; f =       405415.8601580
lambda =  6.859e-08; f =       530114.5758330
lambda = 6.7336e-08; f =       530114.5758329
lambda = 6.6595e-08; f =       405307.7033192
Norm of dx 1.4456e+06
----
Improvement on iteration 9 =   124806.872513640
back and forth on step length never finished
-----------------
f at the beginning of new iteration,    405307.7033192083
Predicted improvement: 223839937.679074109
lambda =          1; f =       416267.1341432
lambda =    0.33333; f =       406522.7969033
lambda =    0.11111; f =       405442.3694495
lambda =   0.037037; f =       405322.6311493
lambda =   0.012346; f =       405309.3585779
lambda =  0.0041152; f =       405307.8871407
lambda =  0.0013717; f =       405307.7237118
lambda = 0.00045725; f =       405307.7055744
lambda = 0.00015242; f =       405307.7035662
lambda = 5.0805e-05; f =       405307.7033455
lambda = 1.6935e-05; f =       405307.7033218
lambda =  5.645e-06; f =       405307.7033194
lambda = 1.8817e-06; f =       405307.7033192
lambda = 6.2723e-07; f =       405219.9066485
Norm of dx     211.98
----
Improvement on iteration 10 =       87.796670714
-----------------
f at the beginning of new iteration,    405219.9066484944
Predicted improvement: 85231196.723975092
lambda =          1; f =       408157.1417248
lambda =    0.33333; f =       405533.2953416
lambda =    0.11111; f =       405251.0541739
lambda =   0.037037; f =       405222.6623078
lambda =   0.012346; f =       405220.0578375
lambda =  0.0041152; f =       405219.9143456
lambda =  0.0013717; f =       405219.9072754
lambda = 0.00045725; f =       405219.9066656
lambda = 0.00015242; f =       384960.1977136
lambda = 0.00029465; f =       405219.9066487
lambda =  0.0001984; f =       379527.1534178
lambda = 0.00025153; f =       373571.6673858
lambda =  0.0003189; f =       405219.9066495
lambda = 0.00027658; f =       405219.9066485
lambda = 0.00025393; f =       373310.0883976
lambda = 0.00026729; f =       371872.1547079
lambda = 0.00028135; f =       405219.9066485
lambda = 0.00027283; f =       371280.2953490
lambda = 0.00027791; f =       405219.9066485
lambda = 0.00027485; f =       371065.2588297
Norm of dx     130.64
Cliff.  Perturbing search direction.
Predicted improvement: 105518218.090699390
lambda =          1; f =       410632.5474123
lambda =    0.33333; f =       405802.9094906
lambda =    0.11111; f =       405279.2047327
lambda =   0.037037; f =       405225.3047727
lambda =   0.012346; f =       405220.2758633
lambda =  0.0041152; f =       405219.9083251
lambda =  0.0013717; f =       405219.9082756
lambda = 0.00045725; f =       405219.9067339
lambda = 0.00015242; f =       380781.3664844
lambda = 0.00029465; f =       405219.9066623
lambda =  0.0001984; f =       405219.9066487
lambda = 0.00015649; f =       380191.7469390
lambda = 0.00018043; f =       376787.4309908
lambda = 0.00020804; f =       405219.9066491
lambda = 0.00019101; f =       405219.9066485
lambda = 0.00018146; f =       376646.0903598
lambda = 0.00018713; f =       405219.9066485
lambda = 0.00018371; f =       376333.4032546
lambda = 0.00018575; f =       405219.9066485
Norm of dx     162.61
Cliff again.  Try traversing
Predicted improvement: 289923827580.935913086
lambda =          1; f =  45350319570.4117737
lambda =    0.33333; f =   5039210223.7627525
lambda =    0.11111; f =    560247672.4679463
lambda =   0.037037; f =     62601698.9929739
lambda =   0.012346; f =      7313204.6798217
lambda =  0.0041152; f =      1171871.5608962
lambda =  0.0013717; f =       490112.1863054
lambda = 0.00045725; f =       414564.7690228
lambda = 0.00015242; f =       406236.1220357
lambda = 5.0805e-05; f =       405326.3386897
lambda = 1.6935e-05; f =       405229.8141528
lambda =  5.645e-06; f =       405220.5785613
lambda = 1.8817e-06; f =       405219.9194455
lambda = 6.2723e-07; f =       271455.6227771
Norm of dx 7.6148e+05
----
Improvement on iteration 11 =   133764.283871350
-----------------
f at the beginning of new iteration,    271455.6227771444
Correct for low angle: 5.89123e-06
Predicted improvement: 53028029441.985084534
lambda =          1; f =       275370.7028636
lambda =    0.33333; f =       271882.1786872
lambda =    0.11111; f =       271500.5868715
lambda =   0.037037; f =       271459.9729462
lambda =   0.012346; f =       271455.9644993
lambda =  0.0041152; f =       271455.6315767
lambda =  0.0013717; f =       271455.6234405
lambda = 0.00045725; f =       271455.6227798
lambda = 0.00015242; f =       271455.6227771
lambda = 5.0805e-05; f =       265115.7508649
lambda = 1.6935e-05; f =       271455.6227772
lambda =  5.645e-06; f =       271455.6227772
lambda = 1.8817e-06; f =       271455.6227771
lambda = 6.2723e-07; f =       271376.3438588
lambda = 2.0908e-07; f =       271429.4464465
lambda = 6.9692e-08; f =       271446.8970807
lambda = 2.3231e-08; f =       271452.7141836
lambda = 7.7435e-09; f =       271454.6532428
lambda = 2.5812e-09; f =       271455.2995987
Norm of dx     158.57
----
Improvement on iteration 12 =     6339.871912287
smallest step still improving too slow
-----------------
f at the beginning of new iteration,    265115.7508648577
Correct for low angle: 0.000181724
Predicted improvement: 2797595494.489024162
lambda =          1; f =       279218.8998547
lambda =    0.33333; f =       266668.1039304
lambda =    0.11111; f =       265283.8489944
lambda =   0.037037; f =       265133.1375564
lambda =   0.012346; f =       265117.3170661
lambda =  0.0041152; f =       265115.8289196
lambda =  0.0013717; f =       265115.7517131
lambda = 0.00045725; f =       265115.7508705
lambda = 0.00015242; f =       244810.3078102
lambda = 5.0805e-05; f =       265115.7508649
lambda = 1.6935e-05; f =       265115.7508649
lambda =  5.645e-06; f =       265115.7508649
lambda = 1.8817e-06; f =       265115.7508649
lambda = 6.2723e-07; f =       265115.7508649
lambda = 2.0908e-07; f =       265087.6482163
lambda = 6.9692e-08; f =       265106.6533616
lambda = 2.3231e-08; f =       265112.7183171
lambda = 7.7435e-09; f =       265114.7400105
lambda = 2.5812e-09; f =       265115.4139128
Norm of dx     176.51
----
Improvement on iteration 13 =    20305.443054707
smallest step still improving too slow
-----------------
f at the beginning of new iteration,    244810.3078101509
Correct for low angle: 6.80248e-05
Predicted improvement: 10085983556.855211258
lambda =          1; f =       266736.2274615
lambda =    0.33333; f =       247229.7249852
lambda =    0.11111; f =       245074.1871472
lambda =   0.037037; f =       244838.1532767
lambda =   0.012346; f =       244812.9760751
lambda =  0.0041152; f =       244810.4844251
lambda =  0.0013717; f =       244810.3085434
lambda = 0.00045725; f =       244810.3078677
lambda = 0.00015242; f =       224264.9399061
lambda = 5.0805e-05; f =       237808.4538470
lambda = 1.6935e-05; f =       244810.3078102
lambda =  5.645e-06; f =       244810.3078102
lambda = 1.8817e-06; f =       244810.3078102
lambda = 6.2723e-07; f =       244722.4710996
lambda = 2.0908e-07; f =       244780.8134947
lambda = 6.9692e-08; f =       244800.4759798
lambda = 2.3231e-08; f =       244806.6437640
lambda = 7.7435e-09; f =       244809.2798610
lambda = 2.5812e-09; f =       244809.9651596
Norm of dx     198.69
----
Improvement on iteration 14 =    20545.367904032
smallest step still improving too slow
-----------------
f at the beginning of new iteration,    224264.9399061188
Correct for low angle: 0.000358105
Predicted improvement: 70220971547.063049316
lambda =          1; f =       501400.1948270
lambda =    0.33333; f =       254731.6665082
lambda =    0.11111; f =       227551.1486467
lambda =   0.037037; f =       224601.2611318
lambda =   0.012346; f =       224294.5726067
lambda =  0.0041152; f =       224266.4340826
lambda =  0.0013717; f =       224264.9878122
lambda = 0.00045725; f =       224264.9416071
lambda = 0.00015242; f =       224264.9464711
lambda = 5.0805e-05; f =       224264.9405580
lambda = 1.6935e-05; f =       224264.9399556
lambda =  5.645e-06; f =       224264.9399069
lambda = 1.8817e-06; f =       224264.9399061
lambda = 6.2723e-07; f =       224264.9399061
lambda = 2.0908e-07; f =       224264.9399061
lambda = 6.9692e-08; f =       224224.7221807
lambda = 2.3231e-08; f =       224251.5156356
lambda = 7.7435e-09; f =       224260.4648579
lambda = 2.5812e-09; f =       224263.4481905
Norm of dx     1367.2
----
Improvement on iteration 15 =       40.217725441
smallest step still improving too slow
-----------------
f at the beginning of new iteration,    224224.7221806777
Predicted improvement: 49016418.765676215
lambda =          1; f =       227899.8860201
lambda =    0.33333; f =       224627.0510206
lambda =    0.11111; f =       224267.6454931
lambda =   0.037037; f =       224229.0283276
lambda =   0.012346; f =       224225.0785583
lambda =  0.0041152; f =       224224.7355515
lambda =  0.0013717; f =       224224.7234160
lambda = 0.00045725; f =       224224.7222999
lambda = 0.00015242; f =       224224.7221908
lambda = 5.0805e-05; f =       224224.7221815
lambda = 1.6935e-05; f =       224224.7221807
lambda =  5.645e-06; f =       223668.7796654
lambda = 1.0913e-05; f =       223152.7466428
lambda = 2.1097e-05; f =       224224.7221807
lambda = 1.4205e-05; f =       224224.7221807
lambda = 1.1204e-05; f =       223124.6146018
lambda = 1.2919e-05; f =       224224.7221807
lambda = 1.1861e-05; f =       224224.7221807
lambda = 1.1268e-05; f =       223118.6094351
lambda =  1.162e-05; f =       224224.7221807
lambda = 1.1408e-05; f =       224224.7221807
lambda = 1.1282e-05; f =       223117.3234251
Norm of dx     137.65
Cliff.  Perturbing search direction.
Predicted improvement: 69310309.076598525
lambda =          1; f =       231288.1687769
lambda =    0.33333; f =       225001.9335662
lambda =    0.11111; f =       224308.7726636
lambda =   0.037037; f =       224233.4451358
lambda =   0.012346; f =       224225.5216791
lambda =  0.0041152; f =       224224.7688782
lambda =  0.0013717; f =       224224.7249522
lambda = 0.00045725; f =       224224.7224546
lambda = 0.00015242; f =       224224.7222026
lambda = 5.0805e-05; f =       224224.7221823
lambda = 1.6935e-05; f =       224224.7221807
lambda =  5.645e-06; f =       223440.7783721
lambda = 1.0913e-05; f =       224224.7221807
lambda = 7.3481e-06; f =       223204.9966108
lambda = 9.3161e-06; f =       224224.7221807
lambda = 8.0798e-06; f =       223104.1108741
lambda = 8.8003e-06; f =       224224.7221807
lambda = 8.3606e-06; f =       223066.3692998
lambda = 8.6217e-06; f =       224224.7221807
lambda = 8.4641e-06; f =       224224.7221807
lambda = 8.3709e-06; f =       223065.0171762
Norm of dx     190.59
Cliff again.  Try traversing
Predicted improvement: 60636847684.397636414
lambda =          1; f =  28142106591.8231087
lambda =    0.33333; f =   3126963345.0206046
lambda =    0.11111; f =    347594163.0102691
lambda =   0.037037; f =     38805757.6993152
lambda =   0.012346; f =      4506065.7556052
lambda =  0.0041152; f =       698347.6333838
lambda =  0.0013717; f =       276373.1002020
lambda = 0.00045725; f =       229847.4223605
lambda = 0.00015242; f =       224796.6801697
lambda = 5.0805e-05; f =       224274.6870555
lambda = 1.6935e-05; f =       224227.9785390
lambda =  5.645e-06; f =       224224.8751741
lambda = 1.8817e-06; f =       224224.7245175
lambda = 6.2723e-07; f =       224224.7276237
lambda = 2.0908e-07; f =       224224.7227162
lambda = 6.9692e-08; f =       224224.7222199
lambda = 2.3231e-08; f =       224224.7221811
lambda = 7.7435e-09; f =       223283.2402216
lambda =  1.497e-08; f =       224224.7221807
lambda =  1.008e-08; f =       223000.3386698
lambda = 1.2779e-08; f =       224224.7221807
lambda = 1.1083e-08; f =       224224.7221807
lambda = 1.0176e-08; f =       222988.7332414
lambda = 1.0711e-08; f =       222924.4262559
lambda = 1.1274e-08; f =       224224.7221807
lambda = 1.0933e-08; f =       224224.7221807
lambda = 1.0733e-08; f =       222922.0479422
lambda = 1.0852e-08; f =       224224.7221807
Norm of dx 3.4824e+05
----
Improvement on iteration 16 =     1302.674238459
back and forth on step length never finished
-----------------
f at the beginning of new iteration,    222922.0479422191
Predicted improvement: 49016418.765676215
lambda =          1; f =       226597.2566224
lambda =    0.33333; f =       223324.3921692
lambda =    0.11111; f =       222964.9768006
lambda =   0.037037; f =       222926.3562769
lambda =   0.012346; f =       222922.4051095
lambda =  0.0041152; f =       222922.0615238
lambda =  0.0013717; f =       222922.0492241
lambda = 0.00045725; f =       222922.0480743
lambda = 0.00015242; f =       222922.0479540
lambda = 5.0805e-05; f =       222922.0479430
lambda = 1.6935e-05; f =       222922.0479422
lambda =  5.645e-06; f =       222369.6285414
Norm of dx     137.65
----
Improvement on iteration 17 =      552.419400779
-----------------
f at the beginning of new iteration,    222369.6285414397
Correct for low angle: 0.00127816
Predicted improvement: 188408241.844992459
lambda =          1; f =       225996.8321418
lambda =    0.33333; f =       222766.7129882
lambda =    0.11111; f =       222411.9987708
lambda =   0.037037; f =       222373.8828296
lambda =   0.012346; f =       222369.9811969
lambda =  0.0041152; f =       222369.6419310
lambda =  0.0013717; f =       222369.6297253
lambda = 0.00045725; f =       222369.6286657
lambda = 0.00015242; f =       222369.6285532
lambda = 5.0805e-05; f =       222369.6285424
lambda = 1.6935e-05; f =       222369.6285415
lambda =  5.645e-06; f =       222369.6285414
lambda = 1.8817e-06; f =       222369.6285414
lambda = 6.2723e-07; f =       222369.6285414
lambda = 2.0908e-07; f =       222349.5264683
lambda = 6.9692e-08; f =       222362.9065505
lambda = 2.3231e-08; f =       222367.3878512
lambda = 7.7435e-09; f =       222368.8816417
lambda = 2.5812e-09; f =       222369.3795746
Norm of dx     136.43
----
Improvement on iteration 18 =       20.102073091
smallest step still improving too slow
-----------------
f at the beginning of new iteration,    222349.5264683483
Predicted improvement: 48149579.695579186
lambda =          1; f =       225975.9236692
lambda =    0.33333; f =       222746.5226120
lambda =    0.11111; f =       222391.8873211
lambda =   0.037037; f =       222353.7798347
lambda =   0.012346; f =       222349.8790469
lambda =  0.0041152; f =       222349.5398550
lambda =  0.0013717; f =       222349.5276496
lambda = 0.00045725; f =       222349.5265924
lambda = 0.00015242; f =       222349.5264801
lambda = 5.0805e-05; f =       222349.5264693
lambda = 1.6935e-05; f =       222349.5264684
lambda =  5.645e-06; f =       222349.5264683
lambda = 1.8817e-06; f =       222168.7685488
lambda = 3.6376e-06; f =       221999.0378029
lambda = 7.0322e-06; f =       222349.5264683
lambda = 4.7351e-06; f =       221893.3168170
lambda = 6.0032e-06; f =       222349.5264683
lambda = 5.2066e-06; f =       221848.1974611
lambda = 5.6709e-06; f =       222349.5264683
lambda = 5.3875e-06; f =       221831.1708553
lambda = 5.5558e-06; f =       222349.5264683
lambda = 5.4542e-06; f =       221824.9552508
lambda = 5.5149e-06; f =       221819.3439505
lambda = 5.5763e-06; f =       222349.5264683
Norm of dx      136.4
Cliff.  Perturbing search direction.
Predicted improvement: 56909882.541029707
lambda =          1; f =       226876.8960406
lambda =    0.33333; f =       222845.7896814
lambda =    0.11111; f =       222402.7344921
lambda =   0.037037; f =       222354.9371266
lambda =   0.012346; f =       222349.9962065
lambda =  0.0041152; f =       222349.5482914
lambda =  0.0013717; f =       222349.5283287
lambda = 0.00045725; f =       222349.5266653
lambda = 0.00015242; f =       222349.5264874
lambda = 5.0805e-05; f =       222349.5264699
lambda = 1.6935e-05; f =       222349.5264685
lambda =  5.645e-06; f =       222349.5264683
lambda = 1.8817e-06; f =       222135.8582321
lambda = 3.6376e-06; f =       221936.1237385
lambda = 7.0322e-06; f =       222349.5264684
lambda = 4.7351e-06; f =       222349.5264683
lambda = 3.7348e-06; f =       221925.1284642
lambda = 4.3063e-06; f =       221860.5348886
lambda = 4.9652e-06; f =       222349.5264683
lambda = 4.5587e-06; f =       221832.4262508
lambda = 4.7984e-06; f =       222349.5264683
lambda = 4.6531e-06; f =       222349.5264683
lambda =  4.568e-06; f =       221831.4195087
lambda = 4.6189e-06; f =       222349.5264683
Norm of dx     156.14
Cliff again.  Try traversing
Predicted improvement: 7456525918.604146004
lambda =          1; f =  10639456577.2458305
lambda =    0.33333; f =   1182322423.8611939
lambda =    0.11111; f =    131554498.0123960
lambda =   0.037037; f =     14810733.6475107
lambda =   0.012346; f =      1841940.1733665
lambda =  0.0041152; f =       401868.4017793
lambda =  0.0013717; f =       242161.5019468
lambda = 0.00045725; f =       224511.7061938
lambda = 0.00015242; f =       222579.9548669
lambda = 5.0805e-05; f =       222372.7689280
lambda = 1.6935e-05; f =       222351.5361223
lambda =  5.645e-06; f =       222349.6281726
lambda = 1.8817e-06; f =       222349.5284282
lambda = 6.2723e-07; f =       222349.5264683
lambda = 2.0908e-07; f =       222349.5264683
lambda = 6.9692e-08; f =       222349.5264683
lambda = 2.3231e-08; f =       222006.1293001
lambda = 4.4909e-08; f =       222349.5264683
lambda = 3.0239e-08; f =       222349.5264683
lambda = 2.3851e-08; f =       221996.9361773
lambda = 2.7501e-08; f =       222349.5264683
lambda = 2.5249e-08; f =       221976.2630968
lambda = 2.6577e-08; f =       222349.5264683
lambda = 2.5772e-08; f =       222349.5264683
lambda = 2.5301e-08; f =       222349.5264683
Norm of dx 1.2212e+05
----
Improvement on iteration 19 =      530.182517821
back and forth on step length never finished
-----------------
f at the beginning of new iteration,    221819.3439505273
Predicted improvement: 48149579.695579186
lambda =          1; f =       225445.7813119
lambda =    0.33333; f =       222216.3533733
lambda =    0.11111; f =       221861.7091286
lambda =   0.037037; f =       221823.5986724
lambda =   0.012346; f =       221819.6969163
lambda =  0.0041152; f =       221819.3574103
lambda =  0.0013717; f =       221819.3451415
lambda = 0.00045725; f =       221819.3440777
lambda = 0.00015242; f =       221819.3439633
lambda = 5.0805e-05; f =       221819.3439518
lambda = 1.6935e-05; f =       221819.3439507
lambda =  5.645e-06; f =       221819.3439505
lambda = 1.8817e-06; f =       221819.3439505
lambda = 6.2723e-07; f =       221819.3439505
lambda = 2.0908e-07; f =       221819.3439505
Norm of dx      136.4
----
Improvement on iteration 20 =        0.000000000
improvement < crit termination

Final value of minus the log posterior (or likelihood):221819.343951 

POSTERIOR KERNEL OPTIMIZATION PROBLEM!
 (minus) the hessian matrix at the "mode" is not positive definite!
=> posterior variance of the estimated parameters are not positive.
You should try to change the initial values of the parameters using
the estimated_params_init block, or use another optimization routine.
[Warning: The results below are most likely wrong!] 
[> In <a href="matlab:matlab.internal.language.introspective.errorDocCallback('dynare_estimation_1', 'C:\dynare\4.5.7\matlab\dynare_estimation_1.m', 316)" style="font-weight:bold">dynare_estimation_1</a> (<a href="matlab: opentoline('C:\dynare\4.5.7\matlab\dynare_estimation_1.m',316,0)">line 316</a>)
  In <a href="matlab:matlab.internal.language.introspective.errorDocCallback('dynare_estimation', 'C:\dynare\4.5.7\matlab\dynare_estimation.m', 105)" style="font-weight:bold">dynare_estimation</a> (<a href="matlab: opentoline('C:\dynare\4.5.7\matlab\dynare_estimation.m',105,0)">line 105</a>)
  In <a href="matlab:matlab.internal.language.introspective.errorDocCallback('modeestimate', 'C:\Users\Farkas\Documents\GitHub\forecastingplatform\ALGORITHMS\modeestimate.m', 75)" style="font-weight:bold">modeestimate</a> (<a href="matlab: opentoline('C:\Users\Farkas\Documents\GitHub\forecastingplatform\ALGORITHMS\modeestimate.m',75,0)">line 75</a>)
  In <a href="matlab:matlab.internal.language.introspective.errorDocCallback('Main', 'C:\Users\Farkas\Documents\GitHub\forecastingplatform\ALGORITHMS\Main.m', 97)" style="font-weight:bold">Main</a> (<a href="matlab: opentoline('C:\Users\Farkas\Documents\GitHub\forecastingplatform\ALGORITHMS\Main.m',97,0)">line 97</a>)] 
[Warning: Matrix is singular, close to singular or badly scaled. Results may be inaccurate. RCOND = NaN.] 
[> In <a href="matlab:matlab.internal.language.introspective.errorDocCallback('dynare_estimation_1', 'C:\dynare\4.5.7\matlab\dynare_estimation_1.m', 339)" style="font-weight:bold">dynare_estimation_1</a> (<a href="matlab: opentoline('C:\dynare\4.5.7\matlab\dynare_estimation_1.m',339,0)">line 339</a>)
  In <a href="matlab:matlab.internal.language.introspective.errorDocCallback('dynare_estimation', 'C:\dynare\4.5.7\matlab\dynare_estimation.m', 105)" style="font-weight:bold">dynare_estimation</a> (<a href="matlab: opentoline('C:\dynare\4.5.7\matlab\dynare_estimation.m',105,0)">line 105</a>)
  In <a href="matlab:matlab.internal.language.introspective.errorDocCallback('modeestimate', 'C:\Users\Farkas\Documents\GitHub\forecastingplatform\ALGORITHMS\modeestimate.m', 75)" style="font-weight:bold">modeestimate</a> (<a href="matlab: opentoline('C:\Users\Farkas\Documents\GitHub\forecastingplatform\ALGORITHMS\modeestimate.m',75,0)">line 75</a>)
  In <a href="matlab:matlab.internal.language.introspective.errorDocCallback('Main', 'C:\Users\Farkas\Documents\GitHub\forecastingplatform\ALGORITHMS\Main.m', 97)" style="font-weight:bold">Main</a> (<a href="matlab: opentoline('C:\Users\Farkas\Documents\GitHub\forecastingplatform\ALGORITHMS\Main.m',97,0)">line 97</a>)] 

RESULTS FROM POSTERIOR ESTIMATION
parameters
           prior mean     mode    s.d. prior pstdev

alpha          0.330   0.1429     NaN beta  0.0500 
zeta_p         0.600   0.9121     NaN beta  0.2000 
iota_p         0.500   0.0633     NaN beta  0.2000 
s_bis          4.000   5.1781     NaN gamm  1.5000 
h              0.700   0.7253     NaN beta  0.0500 
a_bis          0.200   0.2227     NaN gamm  0.1000 
nu_l           2.000   2.0061     NaN gamm  0.7500 
zeta_w         0.600   0.1153     NaN beta  0.2000 
iota_w         0.500   0.1222     NaN beta  0.2000 
r_star         2.000   1.0091     NaN gamm  1.0000 
psi_1          1.500   1.6929     NaN gamm  0.4000 
psi_2          0.200   0.1184     NaN gamm  0.1000 
rho_R          0.500   0.7369     NaN beta  0.2000 
pi_star        3.010   3.9058     NaN norm  1.5000 
gamma_star     2.000   1.5402     NaN gamm  1.0000 
lambda_f       0.150   0.2401     NaN gamm  0.1000 
gg_star        0.300   0.2923     NaN gamm  0.1000 
L_adj          0.000   1.2918     NaN norm  2.0000 
rho_z          0.200   0.0258     NaN beta  0.1000 
rho_phi        0.600   1.0000     NaN beta  0.2000 
rho_lambda_f   0.600   0.9120     NaN beta  0.2000 
rho_mu         0.800   0.7998     NaN beta  0.0500 
rho_b          0.600   0.2148     NaN beta  0.2000 
rho_g          0.800   0.9825     NaN beta  0.0500 
scalehours     5.005   1.4840     NaN unif  2.8839 

standard deviation of shocks
           prior mean     mode    s.d. prior pstdev

eps_z          0.500   1.0783     NaN invg     Inf 
eps_phi        2.000   3.4354     NaN invg     Inf 
eps_lambda_f   0.500   7.3093     NaN invg     Inf 
eps_mu         0.500   4.1326     NaN invg     Inf 
eps_b          0.500   2.3009     NaN invg     Inf 
eps_g          0.500   0.6027     NaN invg     Inf 
eps_R          0.250   0.2950     NaN invg     Inf 


Log data density [Laplace approximation] is NaN.

<a href="matlab: opentoline('C:\dynare\4.5.7\matlab\store_smoother_results.m',90,1)">90  </a>oo_.Smoother.TrendCoeffs(options_.varobs_id)=trend_coeff; %are in order of options_.varobs
if system_dependent('IsDebugMode')==1, dbcont; end
