Starting Dynare (version 4.5.7).
Starting preprocessing of the model file ...
Found 47 equation(s).
Evaluating expressions...done
Computing static model derivatives:
 - order 1
Computing dynamic model derivatives:
 - order 1
Processing outputs ...
done
Preprocessing completed.

STEADY-STATE RESULTS:

lambda     		 0.671117
R          		 1.01761
pic        		 1.0075
c          		 1.50707
w_tilda    		 1.51106
w          		 1.51106
phi_w      		 409.305
psi_w      		 9.8384
L          		 0.987469
k          		 17.7331
k_bar      		 17.8219
i          		 0.532214
Q          		 1
d          		 8.54019
n          		 9.28175
R_e        		 1.02407
r_k        		 0.041444
u          		 1
R_d        		 1.01973
F1         		 0.0102706
F2         		 0.00444428
F1_prim    		 0.190573
omega      		 0.477165
mc         		 0.869565
p_tilda    		 1
phi_f      		 3.70886
psi_f      		 4.26519
y          		 2.56112
Delta      		 1
z          		 0.005
lb         		 0
lphi       		 -0.223144
lmu        		 0
llambda_f  		 -1.89712
lg         		 0.223144
lA         		 0
lsigma     		 -1.20397
lnu        		 -0.0253178
hours_obs  		 1.27919
rff_q_obs  		 1.76129
pgdp_q_obs 		 0.747201
xgdp_q_obs 		 0.5
pcer_q_obs 		 0.5
fpi_q_obs  		 0.5
wage_obs   		 0.5
dlnl_obs   		 0.012472
cp_q_obs   		 0.846126

EIGENVALUES:
         Modulus             Real        Imaginary

       6.814e-16       -6.814e-16                0
       1.384e-15       -1.384e-15                0
          0.3936           0.3936                0
          0.5521           0.5078           0.2167
          0.5521           0.5078          -0.2167
             0.6              0.6                0
          0.6498           0.6498                0
            0.85             0.85                0
          0.8833           0.8833                0
             0.9              0.9                0
             0.9              0.9                0
             0.9              0.9                0
             0.9              0.9                0
             0.9              0.9                0
             0.9              0.9                0
             0.9              0.9                0
             0.9              0.9                0
          0.9612           0.9612                0
            1.11             1.11          0.02039
            1.11             1.11         -0.02039
           1.255            1.211           0.3284
           1.255            1.211          -0.3284
           1.339            1.339                0
           1.667            1.667                0
           1.675            1.675                0
           1.675            1.675                0
       2.506e+16       -2.506e+16                0
       4.088e+16        4.088e+16                0
       4.607e+16       -4.607e+16                0
        4.76e+16        -4.76e+16                0
       7.751e+16       -7.751e+16                0
       1.588e+17       -1.588e+17                0
       8.378e+18       -8.378e+18                0
       4.044e+19        4.044e+19                0
       7.846e+20        7.846e+20                0


There are 17 eigenvalue(s) larger than 1 in modulus 
for 17 forward-looking variable(s)

The rank condition is verified.



MODEL SUMMARY

  Number of variables:         47
  Number of stochastic shocks: 9
  Number of state variables:   18
  Number of jumpers:           17
  Number of static variables:  19


MATRIX OF COVARIANCE OF EXOGENOUS SHOCKS
Variables              eps_z         eps_b       eps_phi        eps_mu  eps_lambda_f         eps_g         eps_R     eps_sigma        eps_nu
eps_z               0.000000      0.000000      0.000000      0.000000      0.000000      0.000000      0.000000      0.000000      0.000000
eps_b               0.000000      0.000000      0.000000      0.000000      0.000000      0.000000      0.000000      0.000000      0.000000
eps_phi             0.000000      0.000000      0.000000      0.000000      0.000000      0.000000      0.000000      0.000000      0.000000
eps_mu              0.000000      0.000000      0.000000      0.000000      0.000000      0.000000      0.000000      0.000000      0.000000
eps_lambda_f        0.000000      0.000000      0.000000      0.000000      0.000000      0.000000      0.000000      0.000000      0.000000
eps_g               0.000000      0.000000      0.000000      0.000000      0.000000      0.000000      0.000000      0.000000      0.000000
eps_R               0.000000      0.000000      0.000000      0.000000      0.000000      0.000000      0.000000      0.000000      0.000000
eps_sigma           0.000000      0.000000      0.000000      0.000000      0.000000      0.000000      0.000000      0.000000      0.000000
eps_nu              0.000000      0.000000      0.000000      0.000000      0.000000      0.000000      0.000000      0.000000      0.000000

POLICY AND TRANSITION FUNCTIONS
                          xgdp_q_obs       hours_obs        wage_obs      pgdp_q_obs       rff_q_obs      pcer_q_obs       fpi_q_obs        dlnl_obs        cp_q_obs
Constant                    0.500000        1.279190        0.500000        0.747201        1.761287        0.500000        0.500000        0.012472        0.846126
R(-1)                      -8.620396       -0.118191       -0.567452       -3.674230       46.318569       -1.957890      -61.745339        0.819091      232.887526
w(-1)                      -6.202716       -0.115515      -27.496639       15.653478       11.315689       -5.834409      -13.687626       -0.045129      -45.173180
k_bar(-1)                   0.167439       -0.019358        0.711195       -0.926651       -0.690191        0.760858        0.959357        0.003838        2.334497
d(-1)                       0.288680        0.003939        0.043216        0.065377        0.079272        0.455958       -2.866972       -0.006450        0.851432
y(-1)                     -39.045465               0               0               0               0               0               0               0               0
Delta(-1)                   0.431475        0.833126       -1.892469        9.316564        7.154399       -4.031997       -5.299142       -0.067299      -28.988457
lphi(-1)                   -3.578071       -0.051577        2.996707        3.762749        2.507658       -2.716510       -5.040397       -0.002186      -10.258004
llambda_f(-1)              -2.727914       -0.033913       -4.654735        4.201731        2.929205       -1.049491       -5.952840       -0.004653      -11.516961
lg(-1)                     71.775344        0.991668       -5.008258       10.384426       15.229445      -21.238094      -37.696647       -0.139925      -58.187573
lsigma(-1)                  1.819457        0.025029        0.013462        0.057645        0.229146        0.620661       -8.640784       -0.013832        5.985453
lnu(-1)                     5.788169        0.083070       -4.379184       -5.307543       -3.461757      -36.417203      137.178105       -0.795908        7.544949
pic(-1)                   -13.191053       -0.180725       -1.037243       42.136289       30.816483       -8.554381      -23.010017       -0.053509     -122.408360
c(-1)                      31.114624        0.429262       -1.367306        4.354621        6.489753      -24.372138      -10.690945       -0.053658      -25.061602
i(-1)                      36.770762        0.506946       -1.168252        5.388821        7.854640       -4.675076      -49.982916        0.009250      -28.836857
Q(-1)                              0               0               0               0               0               0               0               0     -407.891272
z(-1)                      83.741848        0.269554       68.053323       52.199347       39.202208       88.560000       67.422345        0.027704     -165.370505
lb(-1)                      7.923006        0.110734       -2.178803        1.443723        1.908119       14.911022      -15.591733       -0.029605       -6.752271
lmu(-1)                     5.642017        0.077918       -0.350453        1.035987        1.364814       -4.282485       23.606986        0.007628       -1.276572
eps_z                       0.982536        0.003965        0.431421        0.448585        0.340587        1.032979        0.864042        0.000687       -1.458230
eps_b                       0.088033        0.001230       -0.024209        0.016041        0.021201        0.165678       -0.173241       -0.000329       -0.075025
eps_phi                    -0.039756       -0.000573        0.033297        0.041808        0.027863       -0.030183       -0.056004       -0.000024       -0.113978
eps_mu                      0.062689        0.000866       -0.003894        0.011511        0.015165       -0.047583        0.262300        0.000085       -0.014184
eps_lambda_f               -0.030310       -0.000377       -0.051719        0.046686        0.032547       -0.011661       -0.066143       -0.000052       -0.127966
eps_g                       0.797504        0.011019       -0.055647        0.115383        0.169216       -0.235979       -0.418852       -0.001555       -0.646529
eps_R                      -0.224752       -0.003078       -0.018930       -0.085945        0.929147       -0.117727       -0.766967       -0.002228       -3.563466
eps_sigma                   0.020216        0.000278        0.000150        0.000641        0.002546        0.006896       -0.096009       -0.000154        0.066505
eps_nu                      0.064313        0.000923       -0.048658       -0.058973       -0.038464       -0.404636        1.524201       -0.008843        0.083833


THEORETICAL MOMENTS
VARIABLE           MEAN  STD. DEV.   VARIANCE
xgdp_q_obs       0.5000     0.0000     0.0000
hours_obs        1.2792     0.0000     0.0000
wage_obs         0.5000     0.0000     0.0000
pgdp_q_obs       0.7472     0.0000     0.0000
rff_q_obs        1.7613     0.0000     0.0000
pcer_q_obs       0.5000     0.0000     0.0000
fpi_q_obs        0.5000     0.0000     0.0000
dlnl_obs         0.0125     0.0000     0.0000
cp_q_obs         0.8461     0.0000     0.0000



VARIANCE DECOMPOSITION (in percent)
                     eps_z         eps_b       eps_phi        eps_mu  eps_lambda_f         eps_g         eps_R     eps_sigma        eps_nu
xgdp_q_obs           80.07          0.21          0.09          0.11          0.03         16.50          1.22          0.02          1.75
hours_obs            58.43          1.33          1.17          0.48          0.14          9.73          2.36          0.02         26.36
wage_obs             98.49          0.03          0.05          0.03          0.11          0.12          0.04          0.00          1.13
pgdp_q_obs           89.20          0.04          0.15          0.11          0.03          0.20          0.29          0.00          9.98
rff_q_obs            90.28          0.09          0.11          0.08          0.02          0.57          3.29          0.00          5.55
pcer_q_obs           84.05          1.20          0.05          0.18          0.01          2.27          0.84          0.01         11.40
fpi_q_obs            41.76          0.52          0.07          0.90          0.06          2.16          4.71          0.12         49.71
dlnl_obs             87.98          0.03          0.08          0.12          0.02          0.18          2.21          0.01          9.37
cp_q_obs              9.93          0.47          0.06         17.05          0.11          4.38         39.42          0.28         28.29

All endogenous are constant or non stationary, not displaying correlations and auto-correlations

Total computing time : 0h00m02s
Mode_compute=4, Chris Sims, csminwel algorithm was unsuccessfull, trying mode_compute=7, fminsearch.
Prior distribution for parameter rho_sigma has unbounded density!
Prior distribution for parameter rho_nu has unbounded density!
Mode_compute=7, fminsearch, was unsuccessfull, trying mode_compute=1, fmincon.
Prior distribution for parameter rho_sigma has unbounded density!
Prior distribution for parameter rho_nu has unbounded density!
Caught exception while computing adjustment
{Operation terminated by user during printingGenerateOutput


In printingGenerateOutput

In printingGenerateOutput

In alternatePrintPath

In <a href="matlab:matlab.internal.language.introspective.errorDocCallback('print', 'C:\Program Files\MATLAB\R2018a\toolbox\matlab\graphics\print.m', 82)" style="font-weight:bold">print</a> (<a href="matlab: opentoline('C:\Program Files\MATLAB\R2018a\toolbox\matlab\graphics\print.m',82,0)">line 82</a>)
pj = alternatePrintPath(pj);

In <a href="matlab:matlab.internal.language.introspective.errorDocCallback('dyn_saveas', 'C:\dynare\4.5.7\matlab\dyn_saveas.m', 42)" style="font-weight:bold">dyn_saveas</a> (<a href="matlab: opentoline('C:\dynare\4.5.7\matlab\dyn_saveas.m',42,0)">line 42</a>)
    print(h,'-depsc2',[fname,'.eps'])

In <a href="matlab:matlab.internal.language.introspective.errorDocCallback('plot_priors', 'C:\dynare\4.5.7\matlab\plot_priors.m', 73)" style="font-weight:bold">plot_priors</a> (<a href="matlab: opentoline('C:\dynare\4.5.7\matlab\plot_priors.m',73,0)">line 73</a>)
    dyn_saveas(hplt,[M_.fname '_Priors' int2str(plt)],options_.nodisplay,options_.graph_format);

In <a href="matlab:matlab.internal.language.introspective.errorDocCallback('dynare_estimation_init', 'C:\dynare\4.5.7\matlab\dynare_estimation_init.m', 323)" style="font-weight:bold">dynare_estimation_init</a> (<a href="matlab: opentoline('C:\dynare\4.5.7\matlab\dynare_estimation_init.m',323,0)">line 323</a>)
            plot_priors(bayestopt_,M_,estim_params_,options_)

In <a href="matlab:matlab.internal.language.introspective.errorDocCallback('dynare_estimation_1', 'C:\dynare\4.5.7\matlab\dynare_estimation_1.m', 116)" style="font-weight:bold">dynare_estimation_1</a> (<a href="matlab: opentoline('C:\dynare\4.5.7\matlab\dynare_estimation_1.m',116,0)">line 116</a>)
    dynare_estimation_init(var_list_, dname, [], M_, options_, oo_, estim_params_, bayestopt_);

In <a href="matlab:matlab.internal.language.introspective.errorDocCallback('dynare_estimation', 'C:\dynare\4.5.7\matlab\dynare_estimation.m', 105)" style="font-weight:bold">dynare_estimation</a> (<a href="matlab: opentoline('C:\dynare\4.5.7\matlab\dynare_estimation.m',105,0)">line 105</a>)
    dynare_estimation_1(var_list,dname);

In <a href="matlab:matlab.internal.language.introspective.errorDocCallback('modeestimate', 'C:\Users\Farkas\Documents\GitHub\forecastingplatform\ALGORITHMS\modeestimate.m', 102)" style="font-weight:bold">modeestimate</a> (<a href="matlab: opentoline('C:\Users\Farkas\Documents\GitHub\forecastingplatform\ALGORITHMS\modeestimate.m',102,0)">line 102</a>)
        dynare_estimation(var_list_);

In <a href="matlab:matlab.internal.language.introspective.errorDocCallback('Main', 'C:\Users\Farkas\Documents\GitHub\forecastingplatform\ALGORITHMS\Main.m', 97)" style="font-weight:bold">Main</a> (<a href="matlab: opentoline('C:\Users\Farkas\Documents\GitHub\forecastingplatform\ALGORITHMS\Main.m',97,0)">line 97</a>)
                        eval([basics.currentmodel '_' num2str(basics.vintage(basics.vintagenr,:)) ' = modeestimate(basics);']); %
                        function for the estimation

In <a href="matlab:matlab.internal.language.introspective.errorDocCallback('run', 'C:\Program Files\MATLAB\R2018a\toolbox\matlab\lang\run.m', 91)" style="font-weight:bold">run</a> (<a href="matlab: opentoline('C:\Program Files\MATLAB\R2018a\toolbox\matlab\lang\run.m',91,0)">line 91</a>)
evalin('caller', strcat(script, ';'));

In <a href="matlab:matlab.internal.language.introspective.errorDocCallback('EstimationInterface>pushbutton1_Callback', 'C:\Users\Farkas\Documents\GitHub\fo