Starting Dynare (version 4.5.7).
Starting preprocessing of the model file ...
Found 63 equation(s).
Evaluating expressions...done
Computing static model derivatives:
 - order 1
Computing dynamic model derivatives:
 - order 1
Processing outputs ...
done
Preprocessing completed.
<a href="matlab: opentoline('C:\Users\Farkas\Documents\GitHub\forecastingplatform\ALGORITHMS\modeestimate.m',74,1)">74  </a>if strcmp(basics.currentmodel,'US_DSSW07FF') || strcmp(basics.currentmodel,'US_DSSW07  ') || (strcmp(basics.currentmodel,'US_DSSW07HH'))
if system_dependent('IsDebugMode')==1, dbstep; end
<a href="matlab: opentoline('C:\Users\Farkas\Documents\GitHub\forecastingplatform\ALGORITHMS\modeestimate.m',75,1)">75  </a>    options_.mode_compute = 6; % start with Sims' algorithm
if system_dependent('IsDebugMode')==1, dbstep; end
<a href="matlab: opentoline('C:\Users\Farkas\Documents\GitHub\forecastingplatform\ALGORITHMS\modeestimate.m',76,1)">76  </a>    disp('Trying mode_compute = 6, MCMC and checking if estimation is feasible.');
if system_dependent('IsDebugMode')==1, dbstep; end
Trying mode_compute = 6, MCMC and checking if estimation is feasible.
<a href="matlab: opentoline('C:\Users\Farkas\Documents\GitHub\forecastingplatform\ALGORITHMS\modeestimate.m',77,1)">77  </a>    dynare_estimation(var_list_); % run the estimation
warning off
dynare_estimation(var_list_); % run the estimation
{Error using <a href="matlab:matlab.internal.language.introspective.errorDocCallback('check_prior_bounds', 'C:\dynare\4.5.7\matlab\check_prior_bounds.m', 39)" style="font-weight:bold">check_prior_bounds</a> (<a href="matlab: opentoline('C:\dynare\4.5.7\matlab\check_prior_bounds.m',39,0)">line 39</a>)
Initial value(s) of rho_z are outside parameter bounds. Potentially, you should set prior_trunc=0. If you used the
mode_file-option, check whether your mode-file is consistent with the priors.

Error in <a href="matlab:matlab.internal.language.introspective.errorDocCallback('dynare_estimation_init', 'C:\dynare\4.5.7\matlab\dynare_estimation_init.m', 346)" style="font-weight:bold">dynare_estimation_init</a> (<a href="matlab: opentoline('C:\dynare\4.5.7\matlab\dynare_estimation_init.m',346,0)">line 346</a>)
        check_prior_bounds(xparam1,bounds,M_,estim_params_,options_,bayestopt_)

Error in <a href="matlab:matlab.internal.language.introspective.errorDocCallback('dynare_estimation_1', 'C:\dynare\4.5.7\matlab\dynare_estimation_1.m', 116)" style="font-weight:bold">dynare_estimation_1</a> (<a href="matlab: opentoline('C:\dynare\4.5.7\matlab\dynare_estimation_1.m',116,0)">line 116</a>)
    dynare_estimation_init(var_list_, dname, [], M_, options_, oo_, estim_params_, bayestopt_);

Error in <a href="matlab:matlab.internal.language.introspective.errorDocCallback('dynare_estimation', 'C:\dynare\4.5.7\matlab\dynare_estimation.m', 105)" style="font-weight:bold">dynare_estimation</a> (<a href="matlab: opentoline('C:\dynare\4.5.7\matlab\dynare_estimation.m',105,0)">line 105</a>)
    dynare_estimation_1(var_list,dname);
} 
if system_dependent('IsDebugMode')==1, dbquit; end
Main
{Reference to non-existent field 'models'.

Error in <a href="matlab:matlab.internal.language.introspective.errorDocCallback('Main', 'C:\Users\Farkas\Documents\GitHub\forecastingplatform\ALGORITHMS\Main.m', 9)" style="font-weight:bold">Main</a> (<a href="matlab: opentoline('C:\Users\Farkas\Documents\GitHub\forecastingplatform\ALGORITHMS\Main.m',9,0)">line 9</a>)
basics.models = basics.models;
} 
load('variables.mat')
Main
if system_dependent('IsDebugMode')==1, dbcont; end

Configuring Dynare ...
[mex] Generalized QZ.
[mex] Sylvester equation solution.
[mex] Kronecker products.
[mex] Sparse kronecker products.
[mex] Local state space iteration (second order).
[mex] Bytecode evaluation.
[mex] k-order perturbation solver.
[mex] k-order solution simulation.
[mex] Quasi Monte-Carlo sequence (Sobol).
[mex] Markov Switching SBVAR.

Using 64-bit preprocessor
Starting Dynare (version 4.5.7).
Starting preprocessing of the model file ...
Found 63 equation(s).
Evaluating expressions...done
Computing static model derivatives:
 - order 1
Computing dynamic model derivatives:
 - order 1
Processing outputs ...
done
Preprocessing completed.


STEADY-STATE RESULTS:

lambda        		 0.903777
R             		 1.01761
pic           		 1.0075
c             		 1.1191
w             		 1.28286
phi_w         		 59.4818
psi_w         		 6.96573
L             		 1.05539
k             		 14.2922
k_bar         		 14.3638
i             		 0.428945
Q             		 1
R_e           		 1.01761
r_k           		 0.0350376
u             		 1
mc            		 0.869565
p_tilda       		 1
phi_f         		 4.15951
psi_f         		 4.78343
y             		 2.13288
Delta         		 1
z             		 0.005
lb            		 0
lphi          		 -0.223144
lmu           		 0
llambda_f     		 -1.89712
lg            		 0.223144
lA            		 0
xgdp_q_obs    		 0.5
pcer_q_obs    		 0.5
dlnI          		 0.5
hours_obs     		 1.34571
wage_obs      		 0.5
pgdp_q_obs    		 0.747201
rff_q_obs     		 7.04515
o             		 11.8255
o_p           		 15.9785
o_i           		 9.28014
Q_o           		 1
c_i           		 1.18434
d_i           		 6.8139
R_i           		 1.02397
t_i           		 0
L_i           		 1.05513
w_i_tilda     		 1.28294
w_i           		 1.28294
phi_w_i       		 57.3451
psi_w_i       		 6.70592
w_p_tilda     		 1.28275
w_p           		 1.28275
L_p           		 1.05581
lambda_i      		 0.902485
theta         		 0.0167962
i_o           		 0.117813
la            		 -1.53712
lm            		 -0.287682
lmu_o         		 0
llambda_d     		 -5.07517
fpi_q_obs     		 0.5
io_q_obs      		 0.005
dlndin_obs    		 0.012472
po_q_obs      		 0.00747201
spreadi_q_obs 		 2.54403

EIGENVALUES:
         Modulus             Real        Imaginary

               0                0                0
               0                0                0
       5.839e-17       -5.839e-17                0
       2.626e-16        2.626e-16                0
       2.655e-16        2.655e-16                0
       4.849e-16        4.849e-16                0
          0.3985           0.3985                0
          0.5562           0.5152           0.2097
          0.5562           0.5152          -0.2097
             0.6              0.6                0
          0.6061           0.6061                0
          0.6382           0.6382                0
          0.7263           0.7263                0
           0.777           0.7697           0.1064
           0.777           0.7697          -0.1064
             0.9              0.9                0
             0.9              0.9                0
             0.9              0.9                0
             0.9              0.9                0
             0.9              0.9                0
             0.9              0.9                0
             0.9              0.9                0
             0.9              0.9                0
             0.9              0.9                0
             0.9              0.9                0
             0.9              0.9                0
          0.9379            0.936          0.06024
          0.9379            0.936         -0.06024
          0.9729           0.9729                0
           1.021            1.021                0
           1.072             1.07          0.06721
           1.072             1.07         -0.06721
            1.17             1.17                0
           1.227            1.176           0.3476
           1.227            1.176          -0.3476
           1.364            1.357           0.1344
           1.364            1.357          -0.1344
           1.397            1.397                0
           1.675            1.675                0
           1.675            1.675                0
           1.675            1.675                0
           1.694            1.694                0
           1.718            1.718                0
       5.329e+16       -5.329e+16                0
       4.643e+17        4.643e+17                0
       5.554e+17        5.554e+17                0
       3.754e+18       -3.754e+18                0
        2.44e+19        -2.44e+19                0
       1.682e+20        1.682e+20                0


There are 20 eigenvalue(s) larger than 1 in modulus 
for 20 forward-looking variable(s)

The rank condition is verified.



MODEL SUMMARY

  Number of variables:         63
  Number of stochastic shocks: 12
  Number of state variables:   29
  Number of jumpers:           20
  Number of static variables:  25


MATRIX OF COVARIANCE OF EXOGENOUS SHOCKS
Variables              eps_z         eps_b       eps_phi        eps_mu  eps_lambda_f         eps_g         eps_R         eps_A         eps_a         eps_m      eps_mu_o  eps_lambda_d
eps_z               0.000000      0.000000      0.000000      0.000000      0.000000      0.000000      0.000000      0.000000      0.000000      0.000000      0.000000      0.000000
eps_b               0.000000      0.000000      0.000000      0.000000      0.000000      0.000000      0.000000      0.000000      0.000000      0.000000      0.000000      0.000000
eps_phi             0.000000      0.000000      0.000000      0.000000      0.000000      0.000000      0.000000      0.000000      0.000000      0.000000      0.000000      0.000000
eps_mu              0.000000      0.000000      0.000000      0.000000      0.000000      0.000000      0.000000      0.000000      0.000000      0.000000      0.000000      0.000000
eps_lambda_f        0.000000      0.000000      0.000000      0.000000      0.000000      0.000000      0.000000      0.000000      0.000000      0.000000      0.000000      0.000000
eps_g               0.000000      0.000000      0.000000      0.000000      0.000000      0.000000      0.000000      0.000000      0.000000      0.000000      0.000000      0.000000
eps_R               0.000000      0.000000      0.000000      0.000000      0.000000      0.000000      0.000000      0.000000      0.000000      0.000000      0.000000      0.000000
eps_A               0.000000      0.000000      0.000000      0.000000      0.000000      0.000000      0.000000      0.000000      0.000000      0.000000      0.000000      0.000000
eps_a               0.000000      0.000000      0.000000      0.000000      0.000000      0.000000      0.000000      0.000000      0.000000      0.000000      0.000000      0.000000
eps_m               0.000000      0.000000      0.000000      0.000000      0.000000      0.000000      0.000000      0.000000      0.000000      0.000000      0.000000      0.000000
eps_mu_o            0.000000      0.000000      0.000000      0.000000      0.000000      0.000000      0.000000      0.000000      0.000000      0.000000      0.000000      0.000000
eps_lambda_d        0.000000      0.000000      0.000000      0.000000      0.000000      0.000000      0.000000      0.000000      0.000000      0.000000      0.000000      0.000000

POLICY AND TRANSITION FUNCTIONS
                          xgdp_q_obs      pcer_q_obs            dlnI        wage_obs       hours_obs      pgdp_q_obs       rff_q_obs
Constant                    0.500000        0.500000        0.500000        0.500000        1.345707        0.747201        7.045146
R(-1)                     -17.092099       -3.484084       -8.512884       -2.872823       -0.220402       -8.223241      167.938515
w(-1)                              0               0               0      -77.950587               0               0               0
k_bar(-1)                   0.342844        1.016761        0.393381        0.715051       -0.016689       -0.906830       -2.628852
y(-1)                     -46.884871               0               0               0               0               0               0
Delta(-1)                   0.030585       -4.690045      -11.368919       -0.400663        0.779575        9.198155       28.092934
lphi(-1)                   -3.526621       -1.865955       -6.425537        2.883971       -0.047292        4.098202       11.075655
llambda_f(-1)              -2.696731        0.079115       -2.664013       -4.815958       -0.032495        3.723346       10.269083
lg(-1)                     68.078612      -20.807710      -44.880516       -3.200502        0.885524        9.458996       56.587855
lA(-1)                     27.277854       17.916287       54.364129       33.622054       -0.831879      -48.048203     -135.580092
o(-1)                      -0.188277        0.724012       -0.096449       -0.027854       -0.002430       -0.105229       -0.397884
o_i(-1)                     0.692204       -0.861013       -1.984784        0.253647        0.008854        0.665924        2.314717
d_i(-1)                    -0.707057        0.879488        2.027372       -0.259089       -0.009044       -0.680213       -2.364385
R_i(-1)                    -4.705018        5.852438       13.490887       -1.724078       -0.060183       -4.526392      -15.733498
w_i(-1)                    -6.126104       -2.233989       -7.149328       27.701535       -0.094010       10.678814       30.107095
w_p(-1)                    -2.417981       -4.224768      -10.996840       17.613375       -0.040596        8.538756       25.083216
la(-1)                      0.186716       -0.187144        2.183776       -0.103902        0.002478       -0.113565       -0.270693
lm(-1)                      4.057103       -0.823787       -3.205633        1.056587        0.052120        2.066568        7.960323
llambda_d(-1)               0.108240        0.119506       -0.073141        0.031003        0.001389        0.021694        0.110288
pic(-1)                   -14.553875       -7.292782      -19.010738       -1.603218       -0.188112       41.558925      120.948607
c(-1)                      13.673848      -29.017893       -4.762579       -0.353214        0.177709        1.703693       10.766973
i(-1)                      41.760599       -7.171273      -45.943415       -0.846240        0.542612        5.357806       33.354965
z(-1)                      87.817963       80.964319       68.706324       71.472282        0.249805       34.938192      105.772474
lb(-1)                      6.513371       22.026902      -11.655789       -1.870097        0.085539       -0.383743        1.479729
lmu(-1)                     3.033178       -7.165141       23.833028       -0.601049        0.039693        0.173233        1.763494
c_i(-1)                    21.604447       -1.126317       -3.240511       -0.957438        0.280987        1.486178       13.331045
i_o(-1)                    39.291044       -7.506936      -42.193007       -2.159296        0.511236        5.206788       31.888711
lmu_o(-1)                  -0.570622       -2.119779       11.378265       -0.916725       -0.006929       -0.777181       -2.604878
eps_z                       1.036650        0.945633        0.892727        0.471177        0.003735        0.251239        0.781911
eps_b                       0.072371        0.244743       -0.129509       -0.020779        0.000950       -0.004264        0.016441
eps_phi                    -0.039185       -0.020733       -0.071395        0.032044       -0.000525        0.045536        0.123063
eps_mu                      0.033702       -0.079613        0.264811       -0.006678        0.000441        0.001925        0.019594
eps_lambda_f               -0.029964        0.000879       -0.029600       -0.053511       -0.000361        0.041371        0.114101
eps_g                       0.756429       -0.231197       -0.498672       -0.035561        0.009839        0.105100        0.628754
eps_R                      -0.347863       -0.070909       -0.173256       -0.058468       -0.004486       -0.167362        3.417928
eps_A                       0.303087        0.199070        0.604046        0.373578       -0.009243       -0.533869       -1.506445
eps_a                       0.002075       -0.002079        0.024264       -0.001154        0.000028       -0.001262       -0.003008
eps_m                       0.045079       -0.009153       -0.035618        0.011740        0.000579        0.022962        0.088448
eps_mu_o                   -0.006340       -0.023553        0.126425       -0.010186       -0.000077       -0.008635       -0.028943
eps_lambda_d                0.001203        0.001328       -0.000813        0.000344        0.000015        0.000241        0.001225


THEORETICAL MOMENTS
VARIABLE           MEAN  STD. DEV.   VARIANCE
xgdp_q_obs       0.5000     0.0000     0.0000
pcer_q_obs       0.5000     0.0000     0.0000
dlnI             0.5000     0.0000     0.0000
wage_obs         0.5000     0.0000     0.0000
hours_obs        1.3457     0.0000     0.0000
pgdp_q_obs       0.7472     0.0000     0.0000
rff_q_obs        7.0451     0.0000     0.0000



VARIANCE DECOMPOSITION (in percent)
                     eps_z         eps_b       eps_phi        eps_mu  eps_lambda_f         eps_g         eps_R         eps_A         eps_a         eps_m      eps_mu_o  eps_lambda_d
xgdp_q_obs           79.46          0.13          0.09          0.07          0.03         13.22          2.86          4.09          0.00          0.05          0.01          0.00
pcer_q_obs           88.98          3.79          0.04          0.58          0.01          3.04          0.90          2.58          0.00          0.03          0.07          0.00
dlnI                 79.70          0.51          0.19          1.53          0.03          6.16          1.95          9.37          0.02          0.10          0.45          0.00
wage_obs             94.39          0.02          0.04          0.04          0.11          0.04          0.11          5.24          0.00          0.01          0.01          0.00
hours_obs            83.56          0.89          1.12          0.42          0.08          6.69          2.36          4.78          0.00          0.07          0.03          0.00
pgdp_q_obs           86.27          0.01          0.29          0.27          0.04          0.50          1.32         11.17          0.00          0.04          0.09          0.00
rff_q_obs            85.35          0.00          0.20          0.15          0.02          1.12          5.06          7.95          0.00          0.05          0.10          0.00

All endogenous are constant or non stationary, not displaying correlations and auto-correlations

Total computing time : 0h00m02s
<a href="matlab: opentoline('C:\Users\Farkas\Documents\GitHub\forecastingplatform\ALGORITHMS\modeestimate.m',74,1)">74  </a>if strcmp(basics.currentmodel,'US_DSSW07FF') || strcmp(basics.currentmodel,'US_DSSW07  ') || (strcmp(basics.currentmodel,'US_DSSW07HH'))
warning off
if system_dependent('IsDebugMode')==1, dbstep; end
<a href="matlab: opentoline('C:\Users\Farkas\Documents\GitHub\forecastingplatform\ALGORITHMS\modeestimate.m',75,1)">75  </a>    options_.mode_compute = 6; % start with Sims' algorithm
if system_dependent('IsDebugMode')==1, dbstep; end
<a href="matlab: opentoline('C:\Users\Farkas\Documents\GitHub\forecastingplatform\ALGORITHMS\modeestimate.m',76,1)">76  </a>    disp('Trying mode_compute = 6, MCMC and checking if estimation is feasible.');
if system_dependent('IsDebugMode')==1, dbstep; end
Trying mode_compute = 6, MCMC and checking if estimation is feasible.
<a href="matlab: opentoline('C:\Users\Farkas\Documents\GitHub\forecastingplatform\ALGORITHMS\modeestimate.m',77,1)">77  </a>    dynare_estimation(var_list_); % run the estimation
dynare_estimation(var_list_); % run the estimation
Initial value of the log posterior (or likelihood): -72808767.7434
{Operation terminated by user during <a href="matlab:matlab.internal.language.introspective.errorDocCallback('num2str>convertUsingRecycledSprintf', 'C:\Program Files\MATLAB\R2018a\toolbox\matlab\strfun\num2str.p', 212)" style="font-weight:bold">num2str>convertUsingRecycledSprintf</a> (<a href="matlab: opentoline('C:\Program Files\MATLAB\R2018a\toolbox\matlab\strfun\num2str.p',212,0)">line 212</a>)


In <a href="matlab:matlab.internal.language.introspective.errorDocCallback('num2str>handleNumericPrecision', 'C:\Program Files\MATLAB\R2018a\toolbox\matlab\strfun\num2str.p', 193)" style="font-weight:bold">num2str>handleNumericPrecision</a> (<a href="matlab: opentoline('C:\Program Files\MATLAB\R2018a\toolbox\matlab\strfun\num2str.p',193,0)">line 193</a>)
        s = convertUsingRecycledSprintf(x, precision);

In <a href="matlab:matlab.internal.language.introspective.errorDocCallback('num2str', 'C:\Program Files\MATLAB\R2018a\toolbox\matlab\strfun\num2str.p', 105)" style="font-weight:bold">num2str</a> (<a href="matlab: opentoline('C:\Program Files\MATLAB\R2018a\toolbox\matlab\strfun\num2str.p',105,0)">line 105</a>)
        [s, forceWidth, f] = handleNumericPrecision(x, f);

In <a href="matlab:matlab.internal.language.introspective.errorDocCallback('US_DSSW07HH_20083_steadystate', 'C:\Users\Farkas\Documents\GitHub\forecastingplatform\MODELS\US_DSSW07HH\US_DSSW07HH_20083\US_DSSW07HH_20083_steadystate.m', 7)" style="font-weight:bold">US_DSSW07HH_20083_steadystate</a> (<a href="matlab: opentoline('C:\Users\Farkas\Documents\GitHub\forecastingplatform\MODELS\US_DSSW07HH\US_DSSW07HH_20083\US_DSSW07HH_20083_steadystate.m',7,0)">line 7</a>)
    eval([deblank(M_.param_names(jj,:)),'=',num2str(M_.params(jj,:),10),';'])

In <a href="matlab:matlab.internal.language.introspective.errorDocCallback('evaluate_steady_state_file', 'C:\dynare\4.5.7\matlab\evaluate_steady_state_file.m', 52)" style="font-weight:bold">evaluate_steady_state_file</a> (<a href="matlab: opentoline('C:\dynare\4.5.7\matlab\evaluate_steady_state_file.m',52,0)">line 52</a>)
    [ys,check] = h_steadystate(ys_init, exo_ss);

In <a href="matlab:matlab.internal.language.introspective.errorDocCallback('evaluate_steady_state', 'C:\dynare\4.5.7\matlab\evaluate_steady_state.m', 212)" style="font-weight:bold">evaluate_steady_state</a> (<a href="matlab: opentoline('C:\dynare\4.5.7\matlab\evaluate_steady_state.m',212,0)">line 212</a>)
    [ys,params,info] = evaluate_steady_state_file(ys_init,exo_ss,M, options,steadystate_check_flag);

In <a href="matlab:matlab.internal.language.introspective.errorDocCallback('resol', 'C:\dynare\4.5.7\matlab\resol.m', 104)" style="font-weight:bold">resol</a> (<a href="matlab: opentoline('C:\dynare\4.5.7\matlab\resol.m',104,0)">line 104</a>)
[dr.ys,M.params,info] = evaluate_steady_state(oo.steady_state,M,options,oo,~options.steadystate.nocheck);

In <a href="matlab:matlab.internal.language.i